================================================================
======== txAdmin v8.0.1 atop fxserver 15488 Starting - 11.6.2025, 17:10:21
================================================================
================================================================
======== Log Rotated - 11.6.2025, 17:10:21                      
================================================================
[17:15:47][Zwonkoh] logged in from 127.0.0.1 via password
================================================================
======== txAdmin v8.0.1 atop fxserver 15488 Starting - 11.6.2025, 17:22:44
================================================================
[17:24:08][Zwonkoh] logged in from 127.0.0.1 via password
[17:49:12][Zwonkoh] Stopped resource "phone"
[17:52:27][Zwonkoh] Refreshed resources
[17:52:29][Zwonkoh] Ensured resource "iak_DrugFarm"
[18:00:15][Zwonkoh] Refreshed resources
[18:00:22][Zwonkoh] Stopped resource "jobs_creator"
[18:01:43][Zwonkoh] Refreshed resources
[18:01:48][Zwonkoh] Stopped resource "iak_DrugFarm"
================================================================
======== txAdmin v8.0.1 atop fxserver 15488 Starting - 11.6.2025, 18:02:11
================================================================
[18:03:27][Zwonkoh] logged in from 127.0.0.1 via password
[18:03:33][Zwonkoh] Stopped resource "jobs_creator"
[18:03:42][Zwonkoh] Refreshed resources
[19:43:00][Zwonkoh] Refreshed resources
[20:31:36][Zwonkoh] Refreshed resources
[20:31:59][Zwonkoh] Refreshed resources
[20:32:00][Zwonkoh] Ensured resource "dpemotes-1.5.1a"
[20:32:08][Zwonkoh] Refreshed resources
[20:32:25][Zwonkoh] Refreshed resources
[20:32:26][Zwonkoh] Ensured resource "dpemotes-1.5.1a"
[20:39:25][Zwonkoh] Refreshed resources
[20:39:28][Zwonkoh] [Zwonkoh] executed "RESTART SERVER"
[21:58:27][Zwonkoh] Ensured resource "black_market"
[21:58:36][Zwonkoh] Refreshed resources
[21:58:50][Zwonkoh] Ensured resource "esx_identity"
[21:59:23][Zwonkoh] Ensured resource "esx_context"
[22:00:31][Zwonkoh] Ensured resource "esx_multicharacter"
[22:00:33][Zwonkoh] Ensured resource "esx_menu_dialog"
[22:00:34][Zwonkoh] Ensured resource "esx_menu_default"
[22:00:35][Zwonkoh] Ensured resource "esx_menu_list"
[22:25:21][Zwonkoh] Refreshed resources
[22:25:24][Zwonkoh] Ensured resource "meth_job"
[22:27:25][Zwonkoh] Stopped resource "meth_job"
[22:27:28][Zwonkoh] Refreshed resources
[22:27:28][Zwonkoh] Ensured resource "meth_job"
[22:27:50][Zwonkoh] Refreshed resources
