================================================================
======== Log Rotated - 11.6.2025, 17:10:21                      
================================================================
║             TXADMIN║ ================================================================
║             TXADMIN║ ======== [6792] FXServer Starting - 11.6.2025, 17:10:21         
║             TXADMIN║ ================================================================
[           resources] Scanning resources.
[           resources] Found 29 resources.
[          svadhesive] Authenticating server license key...
[          svadhesive] Server license key authentication succeeded. Welcome!
[    c-scripting-core] Creating script environments for monitor
[      script:monitor] [txAdmin] Resource v8.0.1 threads and commands set up. All Ready.
[           resources] Started resource monitor
[    c-scripting-core] Creating script environments for chat
[           resources] Started resource chat
[ citizen-server-impl] Couldn't find resource spawnmanager.
[ citizen-server-impl] Couldn't find resource hardcap.
[    c-scripting-core] Creating script environments for oxmysql
[           resources] Started resource oxmysql
[    c-scripting-core] Creating script environments for es_extended
[           resources] Started resource es_extended
[    c-scripting-core] Creating script environments for phone
[           resources] Started resource phone
[           resources] Started resource NativeUI
[    c-scripting-core] Creating script environments for Menu
[         script:Menu] aduty hi
[           resources] Started resource Menu
[    c-scripting-core] Creating script environments for admin_panel
[  script:admin_panel] SCRIPT ERROR: @admin_panel/server/main.lua:65: attempt to call a nil value (global 'RegisterClientEvent')
[  script:admin_panel] > fn (@admin_panel/server/main.lua:65)
[           resources] Started resource admin_panel
[    c-scripting-core] Creating script environments for black_market
[           resources] Started resource black_market
[           resources] Started resource commands
[    c-scripting-core] Creating script environments for cron
[           resources] Started resource cron
[           resources] Started resource esx_chat_theme
[    c-scripting-core] Creating script environments for esx_context
[           resources] Started resource esx_context
[    c-scripting-core] Creating script environments for esx_identity
[           resources] Started resource esx_identity
[    c-scripting-core] Creating script environments for esx_loadingscreen
[           resources] Started resource esx_loadingscreen
[           resources] Started resource esx_menu_default
[           resources] Started resource esx_menu_dialog
[           resources] Started resource esx_menu_list
[           resources] Started resource skinchanger
[    c-scripting-core] Creating script environments for esx_skin
[           resources] Started resource esx_skin
[    c-scripting-core] Creating script environments for esx_multicharacter
[           resources] Started resource esx_multicharacter
[    c-scripting-core] Creating script environments for esx_notify
[           resources] Started resource esx_notify
[    c-scripting-core] Creating script environments for esx_progressbar
[           resources] Started resource esx_progressbar
[    c-scripting-core] Creating script environments for esx_textui
[           resources] Started resource esx_textui
[    c-scripting-core] Creating script environments for inventory
[  script:es_extended] [WARNING] Resource inventory used the getSharedObject event. This is not the recommended way to import ESX. Visit https://docs.esx-legacy.com/tutorials/tutorials-esx/sharedevent to find out why.
[    script:inventory] [Inventory] Server geladen!
[           resources] Started resource inventory
[    c-scripting-core] Creating script environments for jobs_creator
[ script:jobs_creator] SCRIPT ERROR: ox_lib must be started before this resource.
[ script:jobs_creator] > fn (@ox_lib/init.lua:27)
[           resources] Started resource jobs_creator
[    c-scripting-core] Creating script environments for ox_lib
[           resources] Started resource ox_lib
[    c-scripting-core] Creating script environments for revive_npc
[           resources] Started resource revive_npc
[    c-scripting-core] Creating script environments for traffic_density
[script:traffic_densi] ReducedNPCs loaded! Made by man0s (https://github.com/man0s)
[           resources] Started resource traffic_density
[ citizen-server-impl] Couldn't find resource Commands.
[ citizen-server-main] Warning: The players.json endpoint has been modified to no longer return the player identifiers without authentication.
[ citizen-server-main] To learn more about this change read our announcement at https://aka.cfx.re/players-json-privacy
[      script:oxmysql] [11.7.2-MariaDB] Database server connection established!
[    script:inventory] [Inventory] Standard-Items zur Datenbank hinzugefügt
[ script:jobs_creator] Setting up database (it may take few seconds)...
[  script:es_extended] [INFO] ESX Legacy 1.12.4 initialized!
[ citizen-server-impl]         fff                          
[ citizen-server-impl]   cccc ff   xx  xx     rr rr    eee  
[ citizen-server-impl] cc     ffff   xx       rrr  r ee   e 
[ citizen-server-impl] cc     ff     xx   ... rr     eeeee  
[ citizen-server-impl]  ccccc ff   xx  xx ... rr      eeeee 
[ citizen-server-impl]                                      
[ citizen-server-impl] Authenticated with cfx.re Nucleus: https://zwonkoh-3vvy9b.users.cfx.re/
[ script:jobs_creator] Database ready
[ script:jobs_creator] 
[ script:jobs_creator] Automatically using ESX Skin
[ script:jobs_creator] Using default ESX inventory
[ script:jobs_creator] Automatically using none for textui
[ script:jobs_creator] Automatically using default for stash
[ script:jobs_creator] Automatically using jaksam for progressbar
[ script:jobs_creator] Automatically using default for search_player
[ script:jobs_creator] Automatically using jaksam for logs
[ script:jobs_creator] Automatically using jaksam for skillcheck
[ script:jobs_creator] Automatically using default for banking
[ script:jobs_creator] Automatically using default for outfits
[ script:jobs_creator] Automatically using menu_default for menu
[ script:jobs_creator] server/main.lua can't be found in esx_addonaccount
[ script:jobs_creator] Config loaded successfully
[ script:jobs_creator] Loaded 14 jobs
[ citizen-server-impl] Server list query returned an error: System.Net.Sockets.SocketException: Host is unreachable <- System.Net.Http.HttpRequestException: Host is unreachable (93.235.131.37:30120)
[ citizen-server-impl] Server list query returned an error: System.Net.Sockets.SocketException: Host is unreachable <- System.Net.Http.HttpRequestException: Host is unreachable (93.235.131.37:30120)
║             TXADMIN║ txaReportResources 
[      script:monitor] [txAdmin] Sending resources list to txAdmin.
[ citizen-server-impl] Server list query returned an error: System.Net.Sockets.SocketException: Host is unreachable <- System.Net.Http.HttpRequestException: Host is unreachable (93.235.131.37:30120)
[ citizen-server-impl] Server list query returned an error: System.Net.Sockets.SocketException: Host is unreachable <- System.Net.Http.HttpRequestException: Host is unreachable (93.235.131.37:30120)
║             TXADMIN║ ================================================================
║             TXADMIN║ ======== [8108] FXServer Starting - 11.6.2025, 17:22:46         
║             TXADMIN║ ================================================================
[           resources] Scanning resources.
[           resources] Found 29 resources.
[          svadhesive] Authenticating server license key...
[          svadhesive] Server license key authentication succeeded. Welcome!
[    c-scripting-core] Creating script environments for monitor
[      script:monitor] [txAdmin] Resource v8.0.1 threads and commands set up. All Ready.
[           resources] Started resource monitor
[    c-scripting-core] Creating script environments for chat
[           resources] Started resource chat
[ citizen-server-impl] Couldn't find resource spawnmanager.
[ citizen-server-impl] Couldn't find resource hardcap.
[    c-scripting-core] Creating script environments for oxmysql
[           resources] Started resource oxmysql
[    c-scripting-core] Creating script environments for es_extended
[           resources] Started resource es_extended
[    c-scripting-core] Creating script environments for phone
[           resources] Started resource phone
[           resources] Started resource NativeUI
[    c-scripting-core] Creating script environments for Menu
[         script:Menu] aduty hi
[           resources] Started resource Menu
[    c-scripting-core] Creating script environments for admin_panel
[  script:admin_panel] SCRIPT ERROR: @admin_panel/server/main.lua:65: attempt to call a nil value (global 'RegisterClientEvent')
[  script:admin_panel] > fn (@admin_panel/server/main.lua:65)
[           resources] Started resource admin_panel
[    c-scripting-core] Creating script environments for black_market
[           resources] Started resource black_market
[           resources] Started resource commands
[    c-scripting-core] Creating script environments for cron
[           resources] Started resource cron
[           resources] Started resource esx_chat_theme
[    c-scripting-core] Creating script environments for esx_context
[           resources] Started resource esx_context
[    c-scripting-core] Creating script environments for esx_identity
[           resources] Started resource esx_identity
[    c-scripting-core] Creating script environments for esx_loadingscreen
[           resources] Started resource esx_loadingscreen
[           resources] Started resource esx_menu_default
[           resources] Started resource esx_menu_dialog
[           resources] Started resource esx_menu_list
[           resources] Started resource skinchanger
[    c-scripting-core] Creating script environments for esx_skin
[           resources] Started resource esx_skin
[    c-scripting-core] Creating script environments for esx_multicharacter
[           resources] Started resource esx_multicharacter
[    c-scripting-core] Creating script environments for esx_notify
[           resources] Started resource esx_notify
[    c-scripting-core] Creating script environments for esx_progressbar
[           resources] Started resource esx_progressbar
[    c-scripting-core] Creating script environments for esx_textui
[           resources] Started resource esx_textui
[    c-scripting-core] Creating script environments for inventory
[  script:es_extended] [WARNING] Resource inventory used the getSharedObject event. This is not the recommended way to import ESX. Visit https://docs.esx-legacy.com/tutorials/tutorials-esx/sharedevent to find out why.
[    script:inventory] [Inventory] Server geladen!
[           resources] Started resource inventory
[    c-scripting-core] Creating script environments for jobs_creator
[ script:jobs_creator] SCRIPT ERROR: ox_lib must be started before this resource.
[ script:jobs_creator] > fn (@ox_lib/init.lua:27)
[           resources] Started resource jobs_creator
[    c-scripting-core] Creating script environments for ox_lib
[           resources] Started resource ox_lib
[    c-scripting-core] Creating script environments for revive_npc
[           resources] Started resource revive_npc
[    c-scripting-core] Creating script environments for traffic_density
[script:traffic_densi] ReducedNPCs loaded! Made by man0s (https://github.com/man0s)
[           resources] Started resource traffic_density
[ citizen-server-impl] Couldn't find resource Commands.
[ citizen-server-main] Warning: The players.json endpoint has been modified to no longer return the player identifiers without authentication.
[ citizen-server-main] To learn more about this change read our announcement at https://aka.cfx.re/players-json-privacy
[      script:oxmysql] [11.7.2-MariaDB] Database server connection established!
[    script:inventory] [Inventory] Standard-Items zur Datenbank hinzugefügt
[ script:jobs_creator] Setting up database (it may take few seconds)...
[  script:es_extended] [INFO] ESX Legacy 1.12.4 initialized!
[ citizen-server-impl]         fff                          
[ citizen-server-impl]   cccc ff   xx  xx     rr rr    eee  
[ citizen-server-impl] cc     ffff   xx       rrr  r ee   e 
[ citizen-server-impl] cc     ff     xx   ... rr     eeeee  
[ citizen-server-impl]  ccccc ff   xx  xx ... rr      eeeee 
[ citizen-server-impl]                                      
[ citizen-server-impl] Authenticated with cfx.re Nucleus: https://zwonkoh-3vvy9b.users.cfx.re/
[ script:jobs_creator] Database ready
[ script:jobs_creator] 
[ script:jobs_creator] Automatically using ESX Skin
[ script:jobs_creator] Using default ESX inventory
[ script:jobs_creator] Automatically using default for outfits
[ script:jobs_creator] Automatically using jaksam for progressbar
[ script:jobs_creator] Automatically using default for search_player
[ script:jobs_creator] Automatically using menu_default for menu
[ script:jobs_creator] Automatically using default for stash
[ script:jobs_creator] Automatically using default for banking
[ script:jobs_creator] Automatically using none for textui
[ script:jobs_creator] Automatically using jaksam for logs
[ script:jobs_creator] Automatically using jaksam for skillcheck
[ script:jobs_creator] server/main.lua can't be found in esx_addonaccount
[ script:jobs_creator] Config loaded successfully
[ script:jobs_creator] Loaded 14 jobs
[ citizen-server-impl] Server list query returned an error: System.Net.Sockets.SocketException: Host is unreachable <- System.Net.Http.HttpRequestException: Host is unreachable (93.235.131.37:30120)
[ citizen-server-impl] Server list query returned an error: System.Net.Sockets.SocketException: Host is unreachable <- System.Net.Http.HttpRequestException: Host is unreachable (93.235.131.37:30120)
[ citizen-server-impl] Server list query returned an error: System.Net.Sockets.SocketException: Host is unreachable <- System.Net.Http.HttpRequestException: Host is unreachable (93.235.131.37:30120)
[  script:es_extended] [INFO] Player "Zwonkoh Mevludovic" has connected to the server. ID: 2
[ citizen-server-impl] Server list query returned an error: System.Net.Sockets.SocketException: Host is unreachable <- System.Net.Http.HttpRequestException: Host is unreachable (93.235.131.37:30120)
[ citizen-server-impl] Server list query returned an error: System.Net.Sockets.SocketException: Host is unreachable <- System.Net.Http.HttpRequestException: Host is unreachable (93.235.131.37:30120)
[  script:es_extended] [INFO] Saved 1 player over 0.0 ms
[ citizen-server-impl] Server list query returned an error: System.Net.Sockets.SocketException: Host is unreachable <- System.Net.Http.HttpRequestException: Host is unreachable (93.235.131.37:30120)
[ citizen-server-impl] Server list query returned an error: System.Net.Sockets.SocketException: Host is unreachable <- System.Net.Http.HttpRequestException: Host is unreachable (93.235.131.37:30120)
[ citizen-server-impl] Server list query returned an error: System.Net.Sockets.SocketException: Host is unreachable <- System.Net.Http.HttpRequestException: Host is unreachable (93.235.131.37:30120)
[  script:es_extended] [INFO] Saved 1 player over 0.0 ms
[ citizen-server-impl] Server list query returned an error: System.Net.Sockets.SocketException: Host is unreachable <- System.Net.Http.HttpRequestException: Host is unreachable (93.235.131.37:30120)
[  script:es_extended] [INFO] ESX Legacy 1.12.4 initialized!
[ script:jobs_creator] SCRIPT ERROR: Execution of function reference in script host failed: 
[ script:jobs_creator] SCRIPT ERROR: Execution of function reference in script host failed: 
[ citizen-server-impl] Server list query returned an error: System.Net.Sockets.SocketException: Host is unreachable <- System.Net.Http.HttpRequestException: Host is unreachable (93.235.131.37:30120)
║             TXADMIN║ txaReportResources 
[      script:monitor] [txAdmin] Sending resources list to txAdmin.
║             Zwonkoh║ stop "phone"
║             TXADMIN║ txaReportResources 
[           resources] Stopping resource phone
[      script:monitor] [txAdmin] Sending resources list to txAdmin.
[ citizen-server-impl] Server list query returned an error: System.Net.Sockets.SocketException: Host is unreachable <- System.Net.Http.HttpRequestException: Host is unreachable (93.235.131.37:30120)
║             Zwonkoh║ refresh 
[           resources] Scanning resources.
║             TXADMIN║ txaReportResources 
[           resources] Found 1 new resources, and refreshed 0/28 resources.
[      script:monitor] [txAdmin] Sending resources list to txAdmin.
║             Zwonkoh║ ensure "iak_DrugFarm"
║             TXADMIN║ txaReportResources 
[           resources] Started resource iak_DrugFarm
[      script:monitor] [txAdmin] Sending resources list to txAdmin.
[ citizen-server-impl] Server list query returned an error: System.Net.Sockets.SocketException: Host is unreachable <- System.Net.Http.HttpRequestException: Host is unreachable (93.235.131.37:30120)
[ script:jobs_creator] Translations loaded successfully!
[ citizen-server-impl] Server list query returned an error: System.Net.Sockets.SocketException: Host is unreachable <- System.Net.Http.HttpRequestException: Host is unreachable (93.235.131.37:30120)
[ citizen-server-impl] Server list query returned an error: System.Net.Sockets.SocketException: Host is unreachable <- System.Net.Http.HttpRequestException: Host is unreachable (93.235.131.37:30120)
[ citizen-server-impl] Server list query returned an error: System.Net.Sockets.SocketException: Host is unreachable <- System.Net.Http.HttpRequestException: Host is unreachable (93.235.131.37:30120)
[ script:jobs_creator] SCRIPT ERROR: Execution of function reference in script host failed: 
[ script:jobs_creator] SCRIPT ERROR: Execution of function reference in script host failed: 
[  script:es_extended] event esx:onPlayerJoined was not safe for net
[ citizen-server-impl] Server list query returned an error: System.Net.Sockets.SocketException: Host is unreachable <- System.Net.Http.HttpRequestException: Host is unreachable (93.235.131.37:30120)
[ citizen-server-impl] Server list query returned an error: System.Net.Sockets.SocketException: Host is unreachable <- System.Net.Http.HttpRequestException: Host is unreachable (93.235.131.37:30120)
[ script:jobs_creator] SCRIPT ERROR: Execution of function reference in script host failed: 
[ script:jobs_creator] SCRIPT ERROR: Execution of function reference in script host failed: 
[  script:es_extended] event esx:onPlayerJoined was not safe for net
║             Zwonkoh║ refresh 
║             TXADMIN║ txaReportResources 
[           resources] Scanning resources.
[           resources] Found 0 new resources, and refreshed 0/29 resources.
[      script:monitor] [txAdmin] Sending resources list to txAdmin.
║             Zwonkoh║ stop "jobs_creator"
║             TXADMIN║ txaReportResources 
[           resources] Stopping resource jobs_creator
[      script:monitor] [txAdmin] Sending resources list to txAdmin.
[ citizen-server-impl] Server list query returned an error: System.Net.Sockets.SocketException: Host is unreachable <- System.Net.Http.HttpRequestException: Host is unreachable (93.235.131.37:30120)
║             Zwonkoh║ refresh 
║             TXADMIN║ txaReportResources 
[           resources] Scanning resources.
[           resources] Found 0 new resources, and refreshed 0/29 resources.
[      script:monitor] [txAdmin] Sending resources list to txAdmin.
║             Zwonkoh║ stop "iak_DrugFarm"
║             TXADMIN║ txaReportResources 
[           resources] Stopping resource iak_DrugFarm
[      script:monitor] [txAdmin] Sending resources list to txAdmin.
║             TXADMIN║ ================================================================
║             TXADMIN║ ======== [14440] FXServer Starting - 11.6.2025, 18:02:14        
║             TXADMIN║ ================================================================
[           resources] Scanning resources.
[           resources] Found 29 resources.
[          svadhesive] Authenticating server license key...
[          svadhesive] Server license key authentication succeeded. Welcome!
[    c-scripting-core] Creating script environments for monitor
[      script:monitor] [txAdmin] Resource v8.0.1 threads and commands set up. All Ready.
[           resources] Started resource monitor
[    c-scripting-core] Creating script environments for chat
[           resources] Started resource chat
[ citizen-server-impl] Couldn't find resource spawnmanager.
[ citizen-server-impl] Couldn't find resource hardcap.
[    c-scripting-core] Creating script environments for oxmysql
[           resources] Started resource oxmysql
[    c-scripting-core] Creating script environments for es_extended
[           resources] Started resource es_extended
[           resources] Started resource NativeUI
[    c-scripting-core] Creating script environments for Menu
[         script:Menu] aduty hi
[           resources] Started resource Menu
[    c-scripting-core] Creating script environments for admin_panel
[  script:admin_panel] SCRIPT ERROR: @admin_panel/server/main.lua:65: attempt to call a nil value (global 'RegisterClientEvent')
[  script:admin_panel] > fn (@admin_panel/server/main.lua:65)
[           resources] Started resource admin_panel
[    c-scripting-core] Creating script environments for black_market
[           resources] Started resource black_market
[           resources] Started resource commands
[    c-scripting-core] Creating script environments for cron
[           resources] Started resource cron
[           resources] Started resource esx_chat_theme
[    c-scripting-core] Creating script environments for esx_context
[           resources] Started resource esx_context
[    c-scripting-core] Creating script environments for esx_identity
[           resources] Started resource esx_identity
[    c-scripting-core] Creating script environments for esx_loadingscreen
[           resources] Started resource esx_loadingscreen
[           resources] Started resource esx_menu_default
[           resources] Started resource esx_menu_dialog
[           resources] Started resource esx_menu_list
[           resources] Started resource skinchanger
[    c-scripting-core] Creating script environments for esx_skin
[           resources] Started resource esx_skin
[    c-scripting-core] Creating script environments for esx_multicharacter
[           resources] Started resource esx_multicharacter
[    c-scripting-core] Creating script environments for esx_notify
[           resources] Started resource esx_notify
[    c-scripting-core] Creating script environments for esx_progressbar
[           resources] Started resource esx_progressbar
[    c-scripting-core] Creating script environments for esx_textui
[           resources] Started resource esx_textui
[           resources] Started resource iak_DrugFarm
[    c-scripting-core] Creating script environments for inventory
[  script:es_extended] [WARNING] Resource inventory used the getSharedObject event. This is not the recommended way to import ESX. Visit https://docs.esx-legacy.com/tutorials/tutorials-esx/sharedevent to find out why.
[    script:inventory] [Inventory] Server geladen!
[           resources] Started resource inventory
[    c-scripting-core] Creating script environments for jobs_creator
[ script:jobs_creator] SCRIPT ERROR: ox_lib must be started before this resource.
[ script:jobs_creator] > fn (@ox_lib/init.lua:27)
[           resources] Started resource jobs_creator
[    c-scripting-core] Creating script environments for ox_lib
[           resources] Started resource ox_lib
[    c-scripting-core] Creating script environments for revive_npc
[           resources] Started resource revive_npc
[    c-scripting-core] Creating script environments for traffic_density
[script:traffic_densi] ReducedNPCs loaded! Made by man0s (https://github.com/man0s)
[           resources] Started resource traffic_density
[ citizen-server-impl] Couldn't find resource Commands.
[ citizen-server-main] Warning: The players.json endpoint has been modified to no longer return the player identifiers without authentication.
[ citizen-server-main] To learn more about this change read our announcement at https://aka.cfx.re/players-json-privacy
[      script:oxmysql] [11.7.2-MariaDB] Database server connection established!
[    script:inventory] [Inventory] Standard-Items zur Datenbank hinzugefügt
[ script:jobs_creator] Setting up database (it may take few seconds)...
[  script:es_extended] [INFO] ESX Legacy 1.12.4 initialized!
[ citizen-server-impl]         fff                          
[ citizen-server-impl]   cccc ff   xx  xx     rr rr    eee  
[ citizen-server-impl] cc     ffff   xx       rrr  r ee   e 
[ citizen-server-impl] cc     ff     xx   ... rr     eeeee  
[ citizen-server-impl]  ccccc ff   xx  xx ... rr      eeeee 
[ citizen-server-impl]                                      
[ citizen-server-impl] Authenticated with cfx.re Nucleus: https://zwonkoh-3vvy9b.users.cfx.re/
[ script:jobs_creator] Database ready
[ script:jobs_creator] 
[ script:jobs_creator] Automatically using ESX Skin
[ script:jobs_creator] Using default ESX inventory
[ script:jobs_creator] Automatically using jaksam for progressbar
[ script:jobs_creator] Automatically using none for textui
[ script:jobs_creator] Automatically using default for stash
[ script:jobs_creator] Automatically using default for search_player
[ script:jobs_creator] Automatically using menu_default for menu
[ script:jobs_creator] Automatically using jaksam for logs
[ script:jobs_creator] Automatically using default for banking
[ script:jobs_creator] Automatically using jaksam for skillcheck
[ script:jobs_creator] Automatically using default for outfits
[ script:jobs_creator] server/main.lua can't be found in esx_addonaccount
[ script:jobs_creator] Config loaded successfully
[ script:jobs_creator] Loaded 14 jobs
║             TXADMIN║ txaReportResources 
[      script:monitor] [txAdmin] Sending resources list to txAdmin.
║             Zwonkoh║ stop "jobs_creator"
║             TXADMIN║ txaReportResources 
[           resources] Stopping resource jobs_creator
[      script:monitor] [txAdmin] Sending resources list to txAdmin.
║             Zwonkoh║ refresh 
║             TXADMIN║ txaReportResources 
[           resources] Scanning resources.
[           resources] Found 0 new resources, and refreshed 0/29 resources.
[      script:monitor] [txAdmin] Sending resources list to txAdmin.
[ citizen-server-impl] Server list query returned an error: System.Net.Sockets.SocketException: Host is unreachable <- System.Net.Http.HttpRequestException: Host is unreachable (93.235.131.37:30120)
[  script:es_extended] [INFO] Player "Zwonkoh Mevludovic" has connected to the server. ID: 1
[ citizen-server-impl] Server list query returned an error: System.Net.Sockets.SocketException: Host is unreachable <- System.Net.Http.HttpRequestException: Host is unreachable (93.235.131.37:30120)
[ citizen-server-impl] Server list query returned an error: System.Net.Sockets.SocketException: Host is unreachable <- System.Net.Http.HttpRequestException: Host is unreachable (93.235.131.37:30120)
[  script:es_extended] [INFO] Saved 1 player over 0.0 ms
[ citizen-server-impl] Server list query returned an error: System.Net.Sockets.SocketException: Host is unreachable <- System.Net.Http.HttpRequestException: Host is unreachable (93.235.131.37:30120)
[ citizen-server-impl] Server list query returned an error: System.Net.Sockets.SocketException: Host is unreachable <- System.Net.Http.HttpRequestException: Host is unreachable (93.235.131.37:30120)
[ citizen-server-impl] Server list query returned an error: System.Net.Sockets.SocketException: Host is unreachable <- System.Net.Http.HttpRequestException: Host is unreachable (93.235.131.37:30120)
[ citizen-server-impl] Server list query returned an error: System.Net.Sockets.SocketException: Host is unreachable <- System.Net.Http.HttpRequestException: Host is unreachable (93.235.131.37:30120)
[  script:es_extended] [INFO] Saved 1 player over 0.0 ms
[ citizen-server-impl] Server list query returned an error: System.Net.Sockets.SocketException: Host is unreachable <- System.Net.Http.HttpRequestException: Host is unreachable (93.235.131.37:30120)
[ citizen-server-impl] Server list query returned an error: System.Net.Sockets.SocketException: Host is unreachable <- System.Net.Http.HttpRequestException: Host is unreachable (93.235.131.37:30120)
[    c-scripting-core] script error in native 000000002f7a49e6: Argument at index 1 was null.
[  script:es_extended] SCRIPT ERROR: native 000000002f7a49e6: Argument at index 1 was null.
[  script:es_extended] > [global chunk] (TriggerClientEventInternal.lua:3)
[  script:es_extended] > fn (@es_extended/server/main.lua:669)
[ citizen-server-impl] Server list query returned an error: System.Net.Sockets.SocketException: Host is unreachable <- System.Net.Http.HttpRequestException: Host is unreachable (93.235.131.37:30120)
[  script:es_extended] [INFO] Saved 1 player over 0.0 ms
[ citizen-server-impl] Server list query returned an error: System.Net.Sockets.SocketException: Host is unreachable <- System.Net.Http.HttpRequestException: Host is unreachable (93.235.131.37:30120)
[ citizen-server-impl] Server list query returned an error: System.Net.Sockets.SocketException: Host is unreachable <- System.Net.Http.HttpRequestException: Host is unreachable (93.235.131.37:30120)
[ citizen-server-impl] Server list query returned an error: System.Net.Sockets.SocketException: Host is unreachable <- System.Net.Http.HttpRequestException: Host is unreachable (93.235.131.37:30120)
[  script:es_extended] [INFO] Saved 1 player over 0.0 ms
[ citizen-server-impl] Server list query returned an error: System.Net.Sockets.SocketException: Host is unreachable <- System.Net.Http.HttpRequestException: Host is unreachable (93.235.131.37:30120)
[ citizen-server-impl] Server list query returned an error: System.Net.Sockets.SocketException: Host is unreachable <- System.Net.Http.HttpRequestException: Host is unreachable (93.235.131.37:30120)
[ citizen-server-impl] Server list query returned an error: System.Net.Sockets.SocketException: Host is unreachable <- System.Net.Http.HttpRequestException: Host is unreachable (93.235.131.37:30120)
[ citizen-server-impl] Server list query returned an error: System.Net.Sockets.SocketException: Host is unreachable <- System.Net.Http.HttpRequestException: Host is unreachable (93.235.131.37:30120)
[  script:es_extended] [INFO] Saved 1 player over 0.0 ms
[ citizen-server-impl] Server list query returned an error: System.Net.Sockets.SocketException: Host is unreachable <- System.Net.Http.HttpRequestException: Host is unreachable (93.235.131.37:30120)
[ citizen-server-impl] Server list query returned an error: System.Net.Sockets.SocketException: Host is unreachable <- System.Net.Http.HttpRequestException: Host is unreachable (93.235.131.37:30120)
[ citizen-server-impl] Server list query returned an error: System.Net.Sockets.SocketException: Host is unreachable <- System.Net.Http.HttpRequestException: Host is unreachable (93.235.131.37:30120)
[  script:es_extended] [INFO] Saved 1 player over 0.0 ms
[ citizen-server-impl] Server list query returned an error: System.Net.Sockets.SocketException: Host is unreachable <- System.Net.Http.HttpRequestException: Host is unreachable (93.235.131.37:30120)
[ citizen-server-impl] Server list query returned an error: System.Net.Sockets.SocketException: Host is unreachable <- System.Net.Http.HttpRequestException: Host is unreachable (93.235.131.37:30120)
[ citizen-server-impl] Server list query returned an error: System.Net.Sockets.SocketException: Host is unreachable <- System.Net.Http.HttpRequestException: Host is unreachable (93.235.131.37:30120)
[  script:es_extended] [INFO] Saved 1 player over 0.0 ms
[ citizen-server-impl] Server list query returned an error: System.Net.Sockets.SocketException: Host is unreachable <- System.Net.Http.HttpRequestException: Host is unreachable (93.235.131.37:30120)
[ citizen-server-impl] Server list query returned an error: System.Net.Sockets.SocketException: Host is unreachable <- System.Net.Http.HttpRequestException: Host is unreachable (93.235.131.37:30120)
[ citizen-server-impl] Server list query returned an error: System.Net.Sockets.SocketException: Host is unreachable <- System.Net.Http.HttpRequestException: Host is unreachable (93.235.131.37:30120)
[ citizen-server-impl] Server list query returned an error: System.Net.Sockets.SocketException: Host is unreachable <- System.Net.Http.HttpRequestException: Host is unreachable (93.235.131.37:30120)
[  script:es_extended] [INFO] Saved 1 player over 0.0 ms
[ citizen-server-impl] Server list query returned an error: System.Net.Sockets.SocketException: Host is unreachable <- System.Net.Http.HttpRequestException: Host is unreachable (93.235.131.37:30120)
[ citizen-server-impl] Server list query returned an error: System.Net.Sockets.SocketException: Host is unreachable <- System.Net.Http.HttpRequestException: Host is unreachable (93.235.131.37:30120)
[ citizen-server-impl] Server list query returned an error: System.Net.Sockets.SocketException: Host is unreachable <- System.Net.Http.HttpRequestException: Host is unreachable (93.235.131.37:30120)
[  script:es_extended] [INFO] Saved 1 player over 0.0 ms
[ citizen-server-impl] Server list query returned an error: System.Net.Sockets.SocketException: Host is unreachable <- System.Net.Http.HttpRequestException: Host is unreachable (93.235.131.37:30120)
[ citizen-server-impl] Server list query returned an error: System.Net.Sockets.SocketException: Host is unreachable <- System.Net.Http.HttpRequestException: Host is unreachable (93.235.131.37:30120)
[ citizen-server-impl] Server list query returned an error: System.Net.Sockets.SocketException: Host is unreachable <- System.Net.Http.HttpRequestException: Host is unreachable (93.235.131.37:30120)
[  script:es_extended] [INFO] ESX Legacy 1.12.4 initialized!
[  script:es_extended] [INFO] ESX Legacy 1.12.4 initialized!
[  script:es_extended] [INFO] ESX Legacy 1.12.4 initialized!
[  script:es_extended] [INFO] ESX Legacy 1.12.4 initialized!
║             TXADMIN║ txaReportResources 
[      script:monitor] [txAdmin] Sending resources list to txAdmin.
║             Zwonkoh║ refresh 
[           resources] Scanning resources.
║             TXADMIN║ txaReportResources 
[           resources] Found 0 new resources, and refreshed 1/29 resources.
[      script:monitor] [txAdmin] Sending resources list to txAdmin.
[ citizen-server-impl] Server list query returned an error: System.Net.Sockets.SocketException: Host is unreachable <- System.Net.Http.HttpRequestException: Host is unreachable (93.235.131.37:30120)
[  script:es_extended] [INFO] ESX Legacy 1.12.4 initialized!
[  script:es_extended] [INFO] ESX Legacy 1.12.4 initialized!
[  script:es_extended] [INFO] ESX Legacy 1.12.4 initialized!
[  script:es_extended] [INFO] ESX Legacy 1.12.4 initialized!
[  script:es_extended] [INFO] ESX Legacy 1.12.4 initialized!
[ citizen-server-impl] Server list query returned an error: System.Net.Sockets.SocketException: Host is unreachable <- System.Net.Http.HttpRequestException: Host is unreachable (93.235.131.37:30120)
[ citizen-server-impl] Server list query returned an error: System.Net.Sockets.SocketException: Host is unreachable <- System.Net.Http.HttpRequestException: Host is unreachable (93.235.131.37:30120)
[  script:es_extended] [INFO] ESX Legacy 1.12.4 initialized!
[ citizen-server-impl] Server list query returned an error: System.Net.Sockets.SocketException: Host is unreachable <- System.Net.Http.HttpRequestException: Host is unreachable (93.235.131.37:30120)
[  script:es_extended] [INFO] ESX Legacy 1.12.4 initialized!
[ citizen-server-impl] Server list query returned an error: System.Net.Sockets.SocketException: Host is unreachable <- System.Net.Http.HttpRequestException: Host is unreachable (93.235.131.37:30120)
[ citizen-server-impl] Server list query returned an error: System.Net.Sockets.SocketException: Host is unreachable <- System.Net.Http.HttpRequestException: Host is unreachable (93.235.131.37:30120)
[ citizen-server-impl] Server list query returned an error: System.Net.Sockets.SocketException: Host is unreachable <- System.Net.Http.HttpRequestException: Host is unreachable (93.235.131.37:30120)
[  script:es_extended] [INFO] ESX Legacy 1.12.4 initialized!
[  script:es_extended] [INFO] ESX Legacy 1.12.4 initialized!
[  script:es_extended] [INFO] ESX Legacy 1.12.4 initialized!
[ citizen-server-impl] Server list query returned an error: System.Net.Sockets.SocketException: Host is unreachable <- System.Net.Http.HttpRequestException: Host is unreachable (93.235.131.37:30120)
[  script:es_extended] [INFO] ESX Legacy 1.12.4 initialized!
[  script:es_extended] [INFO] ESX Legacy 1.12.4 initialized!
[  script:es_extended] [INFO] ESX Legacy 1.12.4 initialized!
[ citizen-server-impl] Server list query returned an error: System.Net.Sockets.SocketException: Host is unreachable <- System.Net.Http.HttpRequestException: Host is unreachable (93.235.131.37:30120)
[  script:es_extended] [INFO] ESX Legacy 1.12.4 initialized!
[  script:es_extended] [INFO] ESX Legacy 1.12.4 initialized!
[  script:es_extended] [INFO] ESX Legacy 1.12.4 initialized!
[  script:es_extended] [INFO] ESX Legacy 1.12.4 initialized!
[  script:es_extended] [INFO] ESX Legacy 1.12.4 initialized!
[ citizen-server-impl] Server list query returned an error: System.Net.Sockets.SocketException: Host is unreachable <- System.Net.Http.HttpRequestException: Host is unreachable (93.235.131.37:30120)
[ citizen-server-impl] Server list query returned an error: System.Net.Sockets.SocketException: Host is unreachable <- System.Net.Http.HttpRequestException: Host is unreachable (93.235.131.37:30120)
[ citizen-server-impl] Server list query returned an error: System.Net.Sockets.SocketException: Host is unreachable <- System.Net.Http.HttpRequestException: Host is unreachable (93.235.131.37:30120)
[ citizen-server-impl] Server list query returned an error: System.Net.Sockets.SocketException: Host is unreachable <- System.Net.Http.HttpRequestException: Host is unreachable (93.235.131.37:30120)
[ citizen-server-impl] Server list query returned an error: System.Net.Sockets.SocketException: Host is unreachable <- System.Net.Http.HttpRequestException: Host is unreachable (93.235.131.37:30120)
[ citizen-server-impl] Server list query returned an error: System.Net.Sockets.SocketException: Host is unreachable <- System.Net.Http.HttpRequestException: Host is unreachable (93.235.131.37:30120)
[ citizen-server-impl] server thread hitch warning: timer interval of 159 milliseconds
[  script:es_extended] [INFO] ESX Legacy 1.12.4 initialized!
[  script:es_extended] [INFO] ESX Legacy 1.12.4 initialized!
[ citizen-server-impl] Server list query returned an error: System.Net.Sockets.SocketException: Host is unreachable <- System.Net.Http.HttpRequestException: Host is unreachable (93.235.131.37:30120)
[ citizen-server-impl] Server list query returned an error: System.Net.Sockets.SocketException: Host is unreachable <- System.Net.Http.HttpRequestException: Host is unreachable (93.235.131.37:30120)
║             TXADMIN║ txaReportResources 
[      script:monitor] [txAdmin] Sending resources list to txAdmin.
║             Zwonkoh║ refresh 
║             TXADMIN║ txaReportResources 
[           resources] Scanning resources.
[           resources] Found 1 new resources, and refreshed 1/29 resources.
[      script:monitor] [txAdmin] Sending resources list to txAdmin.
║             Zwonkoh║ refresh 
║             TXADMIN║ txaReportResources 
[           resources] Scanning resources.
[           resources] Found 0 new resources, and refreshed 0/30 resources.
[      script:monitor] [txAdmin] Sending resources list to txAdmin.
║             Zwonkoh║ ensure "dpemotes-1.5.1a"
║             TXADMIN║ txaReportResources 
[           resources] Started resource dpemotes-1.5.1a
[ citizen-server-impl] server thread hitch warning: timer interval of 970 milliseconds
[      script:monitor] [txAdmin] Sending resources list to txAdmin.
║             TXADMIN║ txaReportResources 
[      script:monitor] [txAdmin] Sending resources list to txAdmin.
║             Zwonkoh║ refresh 
║             TXADMIN║ txaReportResources 
[           resources] Scanning resources.
[           resources] Found 0 new resources, and refreshed 0/30 resources.
[      script:monitor] [txAdmin] Sending resources list to txAdmin.
║             Zwonkoh║ refresh 
[           resources] Scanning resources.
║             TXADMIN║ txaReportResources 
[           resources] Found 0 new resources, and refreshed 0/30 resources.
[      script:monitor] [txAdmin] Sending resources list to txAdmin.
║             Zwonkoh║ ensure "dpemotes-1.5.1a"
║             TXADMIN║ txaReportResources 
[           resources] Stopping resource dpemotes-1.5.1a
[           resources] Started resource dpemotes-1.5.1a
[      script:monitor] [txAdmin] Sending resources list to txAdmin.
[ citizen-server-impl] Server list query returned an error: System.Net.Sockets.SocketException: Host is unreachable <- System.Net.Http.HttpRequestException: Host is unreachable (93.235.131.37:30120)
[ citizen-server-impl] Server list query returned an error: System.Net.Sockets.SocketException: Host is unreachable <- System.Net.Http.HttpRequestException: Host is unreachable (93.235.131.37:30120)
[ citizen-server-impl] Server list query returned an error: System.Net.Sockets.SocketException: Host is unreachable <- System.Net.Http.HttpRequestException: Host is unreachable (93.235.131.37:30120)
[  script:es_extended] event esx:onPlayerJoined was not safe for net
║             Zwonkoh║ refresh 
║             TXADMIN║ txaReportResources 
[           resources] Scanning resources.
[           resources] Found 0 new resources, and refreshed 0/30 resources.
[      script:monitor] [txAdmin] Sending resources list to txAdmin.
║             TXADMIN║ txaEvent "serverShuttingDown" "{\"delay\":5000,\"author\":\"Zwonkoh\",\"message\":\"Server restarting (admin request).\"}"
[      script:monitor] [txAdmin] Server shutting down. Kicking all players.
[ citizen-server-impl] Server list query returned an error: System.Net.Sockets.SocketException: Host is unreachable <- System.Net.Http.HttpRequestException: Host is unreachable (93.235.131.37:30120)

║             TXADMIN║ ================================================================
║             TXADMIN║ ======== [19856] FXServer Starting - 11.6.2025, 20:39:33        
║             TXADMIN║ ================================================================
[           resources] Scanning resources.
[           resources] Found 30 resources.
[          svadhesive] Authenticating server license key...
[          svadhesive] Server license key authentication succeeded. Welcome!
[    c-scripting-core] Creating script environments for monitor
[      script:monitor] [txAdmin] Resource v8.0.1 threads and commands set up. All Ready.
[           resources] Started resource monitor
[    c-scripting-core] Creating script environments for chat
[           resources] Started resource chat
[ citizen-server-impl] Couldn't find resource spawnmanager.
[ citizen-server-impl] Couldn't find resource hardcap.
[    c-scripting-core] Creating script environments for oxmysql
[           resources] Started resource oxmysql
[    c-scripting-core] Creating script environments for es_extended
[           resources] Started resource es_extended
[           resources] Started resource NativeUI
[    c-scripting-core] Creating script environments for Menu
[         script:Menu] aduty hi
[           resources] Started resource Menu
[    c-scripting-core] Creating script environments for admin_panel
[  script:admin_panel] SCRIPT ERROR: @admin_panel/server/main.lua:65: attempt to call a nil value (global 'RegisterClientEvent')
[  script:admin_panel] > fn (@admin_panel/server/main.lua:65)
[           resources] Started resource admin_panel
[    c-scripting-core] Creating script environments for black_market
[           resources] Started resource black_market
[           resources] Started resource commands
[    c-scripting-core] Creating script environments for cron
[           resources] Started resource cron
[           resources] Started resource dpemotes
[           resources] Started resource esx_chat_theme
[    c-scripting-core] Creating script environments for esx_context
[           resources] Started resource esx_context
[    c-scripting-core] Creating script environments for esx_identity
[           resources] Started resource esx_identity
[    c-scripting-core] Creating script environments for esx_loadingscreen
[           resources] Started resource esx_loadingscreen
[           resources] Started resource esx_menu_default
[           resources] Started resource esx_menu_dialog
[           resources] Started resource esx_menu_list
[           resources] Started resource skinchanger
[    c-scripting-core] Creating script environments for esx_skin
[           resources] Started resource esx_skin
[    c-scripting-core] Creating script environments for esx_multicharacter
[           resources] Started resource esx_multicharacter
[    c-scripting-core] Creating script environments for esx_notify
[           resources] Started resource esx_notify
[    c-scripting-core] Creating script environments for esx_progressbar
[           resources] Started resource esx_progressbar
[    c-scripting-core] Creating script environments for esx_textui
[           resources] Started resource esx_textui
[           resources] Started resource iak_DrugFarm
[    c-scripting-core] Creating script environments for inventory
[  script:es_extended] [WARNING] Resource inventory used the getSharedObject event. This is not the recommended way to import ESX. Visit https://docs.esx-legacy.com/tutorials/tutorials-esx/sharedevent to find out why.
[    script:inventory] [Inventory] Server geladen!
[           resources] Started resource inventory
[    c-scripting-core] Creating script environments for jobs_creator
[ script:jobs_creator] SCRIPT ERROR: ox_lib must be started before this resource.
[ script:jobs_creator] > fn (@ox_lib/init.lua:27)
[           resources] Started resource jobs_creator
[    c-scripting-core] Creating script environments for ox_lib
[           resources] Started resource ox_lib
[    c-scripting-core] Creating script environments for revive_npc
[           resources] Started resource revive_npc
[    c-scripting-core] Creating script environments for traffic_density
[script:traffic_densi] ReducedNPCs loaded! Made by man0s (https://github.com/man0s)
[           resources] Started resource traffic_density
[ citizen-server-impl] Couldn't find resource Commands.
[ citizen-server-main] Warning: The players.json endpoint has been modified to no longer return the player identifiers without authentication.
[ citizen-server-main] To learn more about this change read our announcement at https://aka.cfx.re/players-json-privacy
[      script:oxmysql] [11.7.2-MariaDB] Database server connection established!
[    script:inventory] [Inventory] Standard-Items zur Datenbank hinzugefügt
[ script:jobs_creator] Setting up database (it may take few seconds)...
[  script:es_extended] [INFO] ESX Legacy 1.12.4 initialized!
[ script:jobs_creator] Database ready
[ script:jobs_creator] 
[ script:jobs_creator] Automatically using ESX Skin
[ script:jobs_creator] Using default ESX inventory
[ script:jobs_creator] Automatically using jaksam for progressbar
[ script:jobs_creator] Automatically using default for search_player
[ script:jobs_creator] Automatically using default for outfits
[ script:jobs_creator] Automatically using default for stash
[ script:jobs_creator] Automatically using none for textui
[ script:jobs_creator] Automatically using menu_default for menu
[ script:jobs_creator] Automatically using jaksam for logs
[ script:jobs_creator] Automatically using jaksam for skillcheck
[ script:jobs_creator] Automatically using default for banking
[ script:jobs_creator] server/main.lua can't be found in esx_addonaccount
[ script:jobs_creator] Config loaded successfully
[ script:jobs_creator] Loaded 14 jobs
[ citizen-server-impl]         fff                          
[ citizen-server-impl]   cccc ff   xx  xx     rr rr    eee  
[ citizen-server-impl] cc     ffff   xx       rrr  r ee   e 
[ citizen-server-impl] cc     ff     xx   ... rr     eeeee  
[ citizen-server-impl]  ccccc ff   xx  xx ... rr      eeeee 
[ citizen-server-impl]                                      
[ citizen-server-impl] Authenticated with cfx.re Nucleus: https://zwonkoh-3vvy9b.users.cfx.re/
[ citizen-server-impl] Server list query returned an error: System.Net.Sockets.SocketException: Host is unreachable <- System.Net.Http.HttpRequestException: Host is unreachable (93.235.131.37:30120)
[  script:es_extended] [INFO] Player "Zwonkoh Mevludovic" has connected to the server. ID: 1
[ citizen-server-impl] Server list query returned an error: System.Net.Sockets.SocketException: Host is unreachable <- System.Net.Http.HttpRequestException: Host is unreachable (93.235.131.37:30120)
[ citizen-server-impl] Server list query returned an error: System.Net.Sockets.SocketException: Host is unreachable <- System.Net.Http.HttpRequestException: Host is unreachable (93.235.131.37:30120)
[  script:es_extended] [INFO] Saved 1 player over 0.0 ms
[ citizen-server-impl] Server list query returned an error: System.Net.Sockets.SocketException: Host is unreachable <- System.Net.Http.HttpRequestException: Host is unreachable (93.235.131.37:30120)
[  script:es_extended] [INFO] ESX Legacy 1.12.4 initialized!
[  script:es_extended] [INFO] ESX Legacy 1.12.4 initialized!
[ citizen-server-impl] Server list query returned an error: System.Net.Sockets.SocketException: Host is unreachable <- System.Net.Http.HttpRequestException: Host is unreachable (93.235.131.37:30120)
[ citizen-server-impl] Server list query returned an error: System.Net.Sockets.SocketException: Host is unreachable <- System.Net.Http.HttpRequestException: Host is unreachable (93.235.131.37:30120)
[ citizen-server-impl] Server list query returned an error: System.Net.Sockets.SocketException: Host is unreachable <- System.Net.Http.HttpRequestException: Host is unreachable (93.235.131.37:30120)
[ citizen-server-impl] Server list query returned an error: System.Net.Sockets.SocketException: Host is unreachable <- System.Net.Http.HttpRequestException: Host is unreachable (93.235.131.37:30120)
[  script:es_extended] [INFO] ESX Legacy 1.12.4 initialized!
[ citizen-server-impl] Server list query returned an error: System.Net.Sockets.SocketException: Host is unreachable <- System.Net.Http.HttpRequestException: Host is unreachable (93.235.131.37:30120)
[ citizen-server-impl] Server list query returned an error: System.Net.Sockets.SocketException: Host is unreachable <- System.Net.Http.HttpRequestException: Host is unreachable (93.235.131.37:30120)
[  script:es_extended] [INFO] ESX Legacy 1.12.4 initialized!
[  script:es_extended] [INFO] ESX Legacy 1.12.4 initialized!
[ citizen-server-impl] Server list query returned an error: System.Net.Sockets.SocketException: Host is unreachable <- System.Net.Http.HttpRequestException: Host is unreachable (93.235.131.37:30120)
[ script:jobs_creator] Translations loaded successfully!
[ citizen-server-impl] Server list query returned an error: System.Net.Sockets.SocketException: Host is unreachable <- System.Net.Http.HttpRequestException: Host is unreachable (93.235.131.37:30120)
[  script:es_extended] [INFO] ESX Legacy 1.12.4 initialized!
[ citizen-server-impl] Server list query returned an error: System.Net.Sockets.SocketException: Host is unreachable <- System.Net.Http.HttpRequestException: Host is unreachable (93.235.131.37:30120)
[ citizen-server-impl] Server list query returned an error: System.Net.Sockets.SocketException: Host is unreachable <- System.Net.Http.HttpRequestException: Host is unreachable (93.235.131.37:30120)
[ citizen-server-impl] Server list query returned an error: System.Net.Sockets.SocketException: Host is unreachable <- System.Net.Http.HttpRequestException: Host is unreachable (93.235.131.37:30120)
[ citizen-server-impl] Server list query returned an error: System.Net.Sockets.SocketException: Host is unreachable <- System.Net.Http.HttpRequestException: Host is unreachable (93.235.131.37:30120)
[ citizen-server-impl] Server list query returned an error: System.Net.Sockets.SocketException: Host is unreachable <- System.Net.Http.HttpRequestException: Host is unreachable (93.235.131.37:30120)
[ citizen-server-impl] Server list query returned an error: System.Net.Sockets.SocketException: Host is unreachable <- System.Net.Http.HttpRequestException: Host is unreachable (93.235.131.37:30120)
[ citizen-server-impl] Server list query returned an error: System.Net.Sockets.SocketException: Host is unreachable <- System.Net.Http.HttpRequestException: Host is unreachable (93.235.131.37:30120)
[ citizen-server-impl] Server list query returned an error: System.Net.Sockets.SocketException: Host is unreachable <- System.Net.Http.HttpRequestException: Host is unreachable (93.235.131.37:30120)
[ citizen-server-impl] Server list query returned an error: System.Net.Sockets.SocketException: Host is unreachable <- System.Net.Http.HttpRequestException: Host is unreachable (93.235.131.37:30120)
[    c-scripting-core] script error in native 000000002f7a49e6: Argument at index 1 was null.
[  script:es_extended] SCRIPT ERROR: native 000000002f7a49e6: Argument at index 1 was null.
[  script:es_extended] > [global chunk] (TriggerClientEventInternal.lua:3)
[  script:es_extended] > fn (@es_extended/server/main.lua:669)
[ citizen-server-impl] Server list query returned an error: System.Net.Sockets.SocketException: Host is unreachable <- System.Net.Http.HttpRequestException: Host is unreachable (93.235.131.37:30120)
[ citizen-server-impl] Server list query returned an error: System.Net.Sockets.SocketException: Host is unreachable <- System.Net.Http.HttpRequestException: Host is unreachable (93.235.131.37:30120)
[ citizen-server-impl] Server list query returned an error: System.Net.Sockets.SocketException: Host is unreachable <- System.Net.Http.HttpRequestException: Host is unreachable (93.235.131.37:30120)
[ citizen-server-impl] Server list query returned an error: System.Net.Sockets.SocketException: Host is unreachable <- System.Net.Http.HttpRequestException: Host is unreachable (93.235.131.37:30120)
[ citizen-server-impl] Server list query returned an error: System.Net.Sockets.SocketException: Host is unreachable <- System.Net.Http.HttpRequestException: Host is unreachable (93.235.131.37:30120)
║             Zwonkoh║ ensure "black_market"
║             TXADMIN║ txaReportResources 
[    c-scripting-core] Creating script environments for black_market
[           resources] Started resource black_market
[      script:monitor] [txAdmin] Sending resources list to txAdmin.
║             Zwonkoh║ refresh 
║             TXADMIN║ txaReportResources 
[           resources] Scanning resources.
[           resources] Found 0 new resources, and refreshed 1/31 resources.
[      script:monitor] [txAdmin] Sending resources list to txAdmin.
║             Zwonkoh║ ensure "esx_identity"
║             TXADMIN║ txaReportResources 
[    c-scripting-core] Creating script environments for esx_identity
[           resources] Started resource esx_identity
[      script:monitor] [txAdmin] Sending resources list to txAdmin.
║             Zwonkoh║ ensure "esx_context"
║             TXADMIN║ txaReportResources 
[    c-scripting-core] Creating script environments for esx_context
[           resources] Started resource esx_context
[      script:monitor] [txAdmin] Sending resources list to txAdmin.
[ citizen-server-impl] Server list query returned an error: System.Net.Sockets.SocketException: Host is unreachable <- System.Net.Http.HttpRequestException: Host is unreachable (93.235.131.37:30120)
║             Zwonkoh║ ensure "esx_multicharacter"
║             TXADMIN║ txaReportResources 
[    c-scripting-core] Creating script environments for esx_skin
[           resources] Started resource esx_skin
[    c-scripting-core] Creating script environments for esx_multicharacter
[           resources] Started resource esx_multicharacter
[      script:monitor] [txAdmin] Sending resources list to txAdmin.
║             Zwonkoh║ ensure "esx_menu_dialog"
║             TXADMIN║ txaReportResources 
[           resources] Started resource esx_menu_dialog
[      script:monitor] [txAdmin] Sending resources list to txAdmin.
║             Zwonkoh║ ensure "esx_menu_default"
║             TXADMIN║ txaReportResources 
[           resources] Started resource esx_menu_default
[      script:monitor] [txAdmin] Sending resources list to txAdmin.
║             Zwonkoh║ ensure "esx_menu_list"
║             TXADMIN║ txaReportResources 
[           resources] Started resource esx_menu_list
[      script:monitor] [txAdmin] Sending resources list to txAdmin.
[  script:es_extended] [INFO] Player "Zwonkoh Mevludovic" has connected to the server. ID: 1
[ citizen-server-impl] Server list query returned an error: System.Net.Sockets.SocketException: Host is unreachable <- System.Net.Http.HttpRequestException: Host is unreachable (93.235.131.37:30120)
[ citizen-server-impl] Server list query returned an error: System.Net.Sockets.SocketException: Host is unreachable <- System.Net.Http.HttpRequestException: Host is unreachable (93.235.131.37:30120)
[  script:es_extended] [INFO] Saved 1 player over 0.0 ms
[ citizen-server-impl] Server list query returned an error: System.Net.Sockets.SocketException: Host is unreachable <- System.Net.Http.HttpRequestException: Host is unreachable (93.235.131.37:30120)
[ citizen-server-impl] Server list query returned an error: System.Net.Sockets.SocketException: Host is unreachable <- System.Net.Http.HttpRequestException: Host is unreachable (93.235.131.37:30120)
[ citizen-server-impl] Server list query returned an error: System.Net.Sockets.SocketException: Host is unreachable <- System.Net.Http.HttpRequestException: Host is unreachable (93.235.131.37:30120)
[  script:es_extended] [INFO] Saved 1 player over 0.0 ms
[ citizen-server-impl] Server list query returned an error: System.Net.Sockets.SocketException: Host is unreachable <- System.Net.Http.HttpRequestException: Host is unreachable (93.235.131.37:30120)
[ citizen-server-impl] Server list query returned an error: System.Net.Sockets.SocketException: Host is unreachable <- System.Net.Http.HttpRequestException: Host is unreachable (93.235.131.37:30120)
[ citizen-server-impl] Server list query returned an error: System.Net.Sockets.SocketException: Host is unreachable <- System.Net.Http.HttpRequestException: Host is unreachable (93.235.131.37:30120)
║             Zwonkoh║ refresh 
║             TXADMIN║ txaReportResources 
[           resources] Scanning resources.
[           resources] Found 0 new resources, and refreshed 1/31 resources.
[      script:monitor] [txAdmin] Sending resources list to txAdmin.
║             Zwonkoh║ ensure "meth_job"
[           resources] Stopping resource meth_job
[    c-scrip↩
║             TXADMIN║ txaReportResources 
ting-core] Creating script environments for meth_job
[           resources] Started resource meth_job
[      script:monitor] [txAdmin] Sending resources list to txAdmin.
[  script:es_extended] [INFO] Saved 1 player over 0.0 ms
[ citizen-server-impl] Server list query returned an error: System.Net.Sockets.SocketException: Host is unreachable <- System.Net.Http.HttpRequestException: Host is unreachable (93.235.131.37:30120)
║             TXADMIN║ txaReportResources 
[      script:monitor] [txAdmin] Sending resources list to txAdmin.
║             Zwonkoh║ stop "meth_job"
║             TXADMIN║ txaReportResources 
[           resources] Stopping resource meth_job
[      script:monitor] [txAdmin] Sending resources list to txAdmin.
║             Zwonkoh║ refresh 
║             TXADMIN║ txaReportResources 
[           resources] Scanning resources.
[           resources] Found 0 new resources, and refreshed 0/31 resources.
[      script:monitor] [txAdmin] Sending resources list to txAdmin.
║             Zwonkoh║ ensure "meth_job"
║             TXADMIN║ txaReportResources 
[    c-scripting-core] Creating script environments for meth_job
[           resources] Started resource meth_job
[      script:monitor] [txAdmin] Sending resources list to txAdmin.
║             Zwonkoh║ refresh 
║             TXADMIN║ txaReportResources 
[           resources] Scanning resources.
[           resources] Found 0 new resources, and refreshed 0/31 resources.
[      script:monitor] [txAdmin] Sending resources list to txAdmin.
[ citizen-server-impl] Server list query returned an error: System.Net.Sockets.SocketException: Host is unreachable <- System.Net.Http.HttpRequestException: Host is unreachable (93.235.131.37:30120)
[ citizen-server-impl] Server list query returned an error: System.Net.Sockets.SocketException: Host is unreachable <- System.Net.Http.HttpRequestException: Host is unreachable (93.235.131.37:30120)
[ citizen-server-impl] Server list query returned an error: System.Net.Sockets.SocketException: Host is unreachable <- System.Net.Http.HttpRequestException: Host is unreachable (93.235.131.37:30120)
[  script:es_extended] [INFO] Saved 1 player over 0.0 ms
[ citizen-server-impl] Server list query returned an error: System.Net.Sockets.SocketException: Host is unreachable <- System.Net.Http.HttpRequestException: Host is unreachable (93.235.131.37:30120)
[ citizen-server-impl] Server list query returned an error: System.Net.Sockets.SocketException: Host is unreachable <- System.Net.Http.HttpRequestException: Host is unreachable (93.235.131.37:30120)
[ citizen-server-impl] Server list query returned an error: System.Net.Sockets.SocketException: Host is unreachable <- System.Net.Http.HttpRequestException: Host is unreachable (93.235.131.37:30120)
[  script:es_extended] [INFO] Saved 1 player over 0.0 ms
[ citizen-server-impl] Server list query returned an error: System.Net.Sockets.SocketException: Host is unreachable <- System.Net.Http.HttpRequestException: Host is unreachable (93.235.131.37:30120)
[ citizen-server-impl] Server list query returned an error: System.Net.Sockets.SocketException: Host is unreachable <- System.Net.Http.HttpRequestException: Host is unreachable (93.235.131.37:30120)
[ citizen-server-impl] Server list query returned an error: System.Net.Sockets.SocketException: Host is unreachable <- System.Net.Http.HttpRequestException: Host is unreachable (93.235.131.37:30120)
[  script:es_extended] [INFO] Saved 1 player over 0.0 ms
[ citizen-server-impl] Server list query returned an error: System.Net.Sockets.SocketException: Host is unreachable <- System.Net.Http.HttpRequestException: Host is unreachable (93.235.131.37:30120)
[ citizen-server-impl] Server list query returned an error: System.Net.Sockets.SocketException: Host is unreachable <- System.Net.Http.HttpRequestException: Host is unreachable (93.235.131.37:30120)
[ citizen-server-impl] Server list query returned an error: System.Net.Sockets.SocketException: Host is unreachable <- System.Net.Http.HttpRequestException: Host is unreachable (93.235.131.37:30120)
[ citizen-server-impl] Server list query returned an error: System.Net.Sockets.SocketException: Host is unreachable <- System.Net.Http.HttpRequestException: Host is unreachable (93.235.131.37:30120)
[  script:es_extended] [INFO] Saved 1 player over 0.0 ms
[ citizen-server-impl] Server list query returned an error: System.Net.Sockets.SocketException: Host is unreachable <- System.Net.Http.HttpRequestException: Host is unreachable (93.235.131.37:30120)
