================================================================
======== Log Rotated - 5.6.2025, 00:00:00                       
================================================================
[ citizen-server-impl] Server list query returned an error: System.Net.Sockets.SocketException: Host is unreachable <- System.Net.Http.HttpRequestException: Host is unreachable (93.235.131.37:30120)
[  script:es_extended] [INFO] Saved 1 player over 0.0 ms
║             Zwonkoh║ ensure "Menu"
║             TXADMIN║ txaReportResources 
[           resources] Stopping resource Menu
[           resources] Started resource Menu
[      script:monitor] [txAdmin] Sending resources list to txAdmin.
[ citizen-server-impl] Server list query returned an error: System.Net.Sockets.SocketException: Host is unreachable <- System.Net.Http.HttpRequestException: Host is unreachable (93.235.131.37:30120)
[ citizen-server-impl] Server list query returned an error: System.Net.Sockets.SocketException: Host is unreachable <- System.Net.Http.HttpRequestException: Host is unreachable (93.235.131.37:30120)
[  script:es_extended] [INFO] Saved player "Zwonkoh Mevludovic"
║             TXADMIN║ ================================================================
║             TXADMIN║ ======== [3552] FXServer Starting - 5.6.2025, 00:14:31          
║             TXADMIN║ ================================================================
[           resources] Scanning resources.
[           resources] Found 23 resources.
[          svadhesive] Authenticating server license key...
[          svadhesive] Server license key authentication succeeded. Welcome!
[    c-scripting-core] Creating script environments for monitor
[      script:monitor] [txAdmin] Resource v8.0.1 threads and commands set up. All Ready.
[           resources] Started resource monitor
[    c-scripting-core] Creating script environments for chat
[           resources] Started resource chat
[ citizen-server-impl] Couldn't find resource spawnmanager.
[ citizen-server-impl] Couldn't find resource hardcap.
[    c-scripting-core] Creating script environments for oxmysql
[           resources] Started resource oxmysql
[    c-scripting-core] Creating script environments for es_extended
[           resources] Started resource es_extended
[           resources] Started resource Menu
[           resources] Started resource NativeUI
[    c-scripting-core] Creating script environments for cron
[           resources] Started resource cron
[           resources] Started resource esx_chat_theme
[    c-scripting-core] Creating script environments for esx_context
[           resources] Started resource esx_context
[    c-scripting-core] Creating script environments for esx_identity
[           resources] Started resource esx_identity
[    c-scripting-core] Creating script environments for esx_loadingscreen
[           resources] Started resource esx_loadingscreen
[           resources] Started resource esx_menu_default
[           resources] Started resource esx_menu_dialog
[           resources] Started resource esx_menu_list
[           resources] Started resource skinchanger
[    c-scripting-core] Creating script environments for esx_skin
[           resources] Started resource esx_skin
[    c-scripting-core] Creating script environments for esx_multicharacter
[           resources] Started resource esx_multicharacter
[    c-scripting-core] Creating script environments for esx_notify
[           resources] Started resource esx_notify
[    c-scripting-core] Creating script environments for esx_progressbar
[           resources] Started resource esx_progressbar
[    c-scripting-core] Creating script environments for esx_textui
[           resources] Started resource esx_textui
[    c-scripting-core] Creating script environments for ox_lib
[           resources] Started resource ox_lib
[    c-scripting-core] Creating script environments for ox_inventory
[           resources] Started resource ox_inventory
[    c-scripting-core] Creating script environments for traffic_density
[script:traffic_densi] ReducedNPCs loaded! Made by man0s (https://github.com/man0s)
[           resources] Started resource traffic_density
[ citizen-server-main] Warning: The players.json endpoint has been modified to no longer return the player identifiers without authentication.
[ citizen-server-main] To learn more about this change read our announcement at https://aka.cfx.re/players-json-privacy
[      script:oxmysql] [11.7.2-MariaDB] Database server connection established!
[ script:ox_inventory] [ox_inventory] [INFO] Database contains 33 items.
[  script:es_extended] [INFO] ESX Legacy 1.12.4 initialized!
[ citizen-server-impl]         fff                          
[ citizen-server-impl]   cccc ff   xx  xx     rr rr    eee  
[ citizen-server-impl] cc     ffff   xx       rrr  r ee   e 
[ citizen-server-impl] cc     ff     xx   ... rr     eeeee  
[ citizen-server-impl]  ccccc ff   xx  xx ... rr      eeeee 
[ citizen-server-impl]                                      
[ citizen-server-impl] Authenticated with cfx.re Nucleus: https://zwonkoh-3vvy9b.users.cfx.re/
[ script:ox_inventory] [ox_inventory] [INFO] Inventory has loaded 247 items
║             TXADMIN║ txaReportResources 
[      script:monitor] [txAdmin] Sending resources list to txAdmin.
[ citizen-server-impl] Server list query returned an error: System.Net.Sockets.SocketException: Host is unreachable <- System.Net.Http.HttpRequestException: Host is unreachable (93.235.131.37:30120)
[  script:es_extended] [INFO] Player "Zwonkoh Mevludovic" has connected to the server. ID: 1
║             Zwonkoh║ ensure "Menu"
║             TXADMIN║ txaReportResources 
[           resources] Stopping resource Menu
[           resources] Started resource Menu
[      script:monitor] [txAdmin] Sending resources list to txAdmin.
║             Zwonkoh║ ensure "Menu"
║             TXADMIN║ txaReportResources 
[           resources] Stopping resource Menu
[           resources] Started resource Menu
[      script:monitor] [txAdmin] Sending resources list to txAdmin.
[ citizen-server-impl] Server list query returned an error: System.Net.Sockets.SocketException: Host is unreachable <- System.Net.Http.HttpRequestException: Host is unreachable (93.235.131.37:30120)
║             Zwonkoh║ ensure "Menu"
║             TXADMIN║ txaReportResources 
[           resources] Stopping resource Menu
[           resources] Started resource Menu
[      script:monitor] [txAdmin] Sending resources list to txAdmin.
[ citizen-server-impl] Server list query returned an error: System.Net.Sockets.SocketException: Host is unreachable <- System.Net.Http.HttpRequestException: Host is unreachable (93.235.131.37:30120)
[  script:es_extended] [INFO] Saved player "Zwonkoh Mevludovic"
║             TXADMIN║ ================================================================
║             TXADMIN║ ======== [9248] FXServer Starting - 5.6.2025, 18:08:17          
║             TXADMIN║ ================================================================
[           resources] Scanning resources.
[           resources] Found 23 resources.
[          svadhesive] Authenticating server license key...
[          svadhesive] Server license key authentication succeeded. Welcome!
[    c-scripting-core] Creating script environments for monitor
[      script:monitor] [txAdmin] Resource v8.0.1 threads and commands set up. All Ready.
[           resources] Started resource monitor
[    c-scripting-core] Creating script environments for chat
[           resources] Started resource chat
[ citizen-server-impl] Couldn't find resource spawnmanager.
[ citizen-server-impl] Couldn't find resource hardcap.
[    c-scripting-core] Creating script environments for oxmysql
[           resources] Started resource oxmysql
[    c-scripting-core] Creating script environments for es_extended
[           resources] Started resource es_extended
[           resources] Started resource Menu
[           resources] Started resource NativeUI
[    c-scripting-core] Creating script environments for cron
[           resources] Started resource cron
[           resources] Started resource esx_chat_theme
[    c-scripting-core] Creating script environments for esx_context
[           resources] Started resource esx_context
[    c-scripting-core] Creating script environments for esx_identity
[           resources] Started resource esx_identity
[    c-scripting-core] Creating script environments for esx_loadingscreen
[           resources] Started resource esx_loadingscreen
[           resources] Started resource esx_menu_default
[           resources] Started resource esx_menu_dialog
[           resources] Started resource esx_menu_list
[           resources] Started resource skinchanger
[    c-scripting-core] Creating script environments for esx_skin
[           resources] Started resource esx_skin
[    c-scripting-core] Creating script environments for esx_multicharacter
[           resources] Started resource esx_multicharacter
[    c-scripting-core] Creating script environments for esx_notify
[           resources] Started resource esx_notify
[    c-scripting-core] Creating script environments for esx_progressbar
[           resources] Started resource esx_progressbar
[    c-scripting-core] Creating script environments for esx_textui
[           resources] Started resource esx_textui
[    c-scripting-core] Creating script environments for ox_lib
[           resources] Started resource ox_lib
[    c-scripting-core] Creating script environments for ox_inventory
[           resources] Started resource ox_inventory
[    c-scripting-core] Creating script environments for traffic_density
[script:traffic_densi] ReducedNPCs loaded! Made by man0s (https://github.com/man0s)
[           resources] Started resource traffic_density
[ citizen-server-main] Warning: The players.json endpoint has been modified to no longer return the player identifiers without authentication.
[ citizen-server-main] To learn more about this change read our announcement at https://aka.cfx.re/players-json-privacy
[      script:oxmysql] [11.7.2-MariaDB] Database server connection established!
[ script:ox_inventory] [ox_inventory] [INFO] Database contains 33 items.
[  script:es_extended] [INFO] ESX Legacy 1.12.4 initialized!
[ citizen-server-impl]         fff                          
[ citizen-server-impl]   cccc ff   xx  xx     rr rr    eee  
[ citizen-server-impl] cc     ffff   xx       rrr  r ee   e 
[ citizen-server-impl] cc     ff     xx   ... rr     eeeee  
[ citizen-server-impl]  ccccc ff   xx  xx ... rr      eeeee 
[ citizen-server-impl]                                      
[ citizen-server-impl] Authenticated with cfx.re Nucleus: https://zwonkoh-3vvy9b.users.cfx.re/
[ script:ox_inventory] [ox_inventory] [INFO] Inventory has loaded 247 items
[ citizen-server-impl] Server list query returned an error: System.Net.Sockets.SocketException: Host is unreachable <- System.Net.Http.HttpRequestException: Host is unreachable (93.235.131.37:30120)
[ citizen-server-impl] Server list query returned an error: System.Net.Sockets.SocketException: Host is unreachable <- System.Net.Http.HttpRequestException: Host is unreachable (93.235.131.37:30120)
[ citizen-server-impl] Server list query returned an error: System.Net.Sockets.SocketException: Host is unreachable <- System.Net.Http.HttpRequestException: Host is unreachable (93.235.131.37:30120)
[  script:es_extended] [INFO] Player "Zwonkoh Mevludovic" has connected to the server. ID: 1
[ citizen-server-impl] Server list query returned an error: System.Net.Sockets.SocketException: Host is unreachable <- System.Net.Http.HttpRequestException: Host is unreachable (93.235.131.37:30120)
[ citizen-server-impl] Server list query returned an error: System.Net.Sockets.SocketException: Host is unreachable <- System.Net.Http.HttpRequestException: Host is unreachable (93.235.131.37:30120)
[ citizen-server-impl] Server list query returned an error: System.Net.Sockets.SocketException: Host is unreachable <- System.Net.Http.HttpRequestException: Host is unreachable (93.235.131.37:30120)
[  script:es_extended] [INFO] Saved 1 player over 0.0 ms
[ citizen-server-impl] Server list query returned an error: System.Net.Sockets.SocketException: Host is unreachable <- System.Net.Http.HttpRequestException: Host is unreachable (93.235.131.37:30120)
[ citizen-server-impl] Server list query returned an error: System.Net.Sockets.SocketException: Host is unreachable <- System.Net.Http.HttpRequestException: Host is unreachable (93.235.131.37:30120)
[ citizen-server-impl] Server list query returned an error: System.Net.Sockets.SocketException: Host is unreachable <- System.Net.Http.HttpRequestException: Host is unreachable (93.235.131.37:30120)
║             TXADMIN║ txaReportResources 
[      script:monitor] [txAdmin] Sending resources list to txAdmin.
║             Zwonkoh║ refresh 
║             TXADMIN║ txaReportResources 
[           resources] Scanning resources.
[  resources:commands] Warning: commands does not have a resource manifest (fxmanifest.lua)
[           resources] Found 1 new resources, and refreshed 0/23 resources.
[           resources] 1 warning was encountered.
[      script:monitor] [txAdmin] Sending resources list to txAdmin.
[ citizen-server-impl] Server list query returned an error: System.Net.Sockets.SocketException: Host is unreachable <- System.Net.Http.HttpRequestException: Host is unreachable (93.235.131.37:30120)
║             TXADMIN║ txaReportResources 
[      script:monitor] [txAdmin] Sending resources list to txAdmin.
║             Zwonkoh║ refresh 
║             TXADMIN║ txaReportResources 
[           resources] Scanning resources.
[  resources:commands] Warning: commands does not have a resource manifest (fxmanifest.lua)
[           resources] Found 1 new resources, and refreshed 0/23 resources.
[           resources] 1 warning was encountered.
[      script:monitor] [txAdmin] Sending resources list to txAdmin.
║             Zwonkoh║ refresh 
║             TXADMIN║ txaReportResources 
[           resources] Scanning resources.
[  resources:commands] Warning: commands does not have a resource manifest (fxmanifest.lua)
[           resources] Found 1 new resources, and refreshed 0/23 resources.
[           resources] 1 warning was encountered.
[      script:monitor] [txAdmin] Sending resources list to txAdmin.
[  script:es_extended] [INFO] Saved 1 player over 0.0 ms
║             Zwonkoh║ refresh 
║             TXADMIN║ txaReportResources 
[           resources] Scanning resources.
[  resources:commands] Warning: commands does not have a resource manifest (fxmanifest.lua)
[  resources:commands] Warning: commands exists in more than one place (D:\ESX_Server\resources\commands is used, the duplicate is D:\ESX_Server\resources\[core]\commands)
[           resources] Found 1 new resources, and refreshed 0/23 resources.
[           resources] 2 warnings were encountered.
[      script:monitor] [txAdmin] Sending resources list to txAdmin.
║             Zwonkoh║ refresh 
║             TXADMIN║ txaReportResources 
[           resources] Scanning resources.
[  resources:commands] Warning: commands does not have a resource manifest (fxmanifest.lua)
[           resources] Found 1 new resources, and refreshed 0/23 resources.
[           resources] 1 warning was encountered.
[      script:monitor] [txAdmin] Sending resources list to txAdmin.
║             Zwonkoh║ refresh 
║             TXADMIN║ txaReportResources 
[           resources] Scanning resources.
[  resources:Commands] Warning: Commands does not have a resource manifest (fxmanifest.lua)
[           resources] Found 1 new resources, and refreshed 0/23 resources.
[           resources] 1 warning was encountered.
[      script:monitor] [txAdmin] Sending resources list to txAdmin.
[ citizen-server-impl] Server list query returned an error: System.Net.Sockets.SocketException: Host is unreachable <- System.Net.Http.HttpRequestException: Host is unreachable (93.235.131.37:30120)
║             Zwonkoh║ refresh 
║             TXADMIN║ txaReportResources 
[           resources] Scanning resources.
[           resources] Found 1 new resources, and refreshed 0/23 resources.
[      script:monitor] [txAdmin] Sending resources list to txAdmin.
║             Zwonkoh║ ensure "commands"
║             TXADMIN║ txaReportResources 
[           resources] Started resource commands
[      script:monitor] [txAdmin] Sending resources list to txAdmin.
[ citizen-server-impl] Server list query returned an error: System.Net.Sockets.SocketException: Host is unreachable <- System.Net.Http.HttpRequestException: Host is unreachable (93.235.131.37:30120)
[ citizen-server-impl] Server list query returned an error: System.Net.Sockets.SocketException: Host is unreachable <- System.Net.Http.HttpRequestException: Host is unreachable (93.235.131.37:30120)
║             Zwonkoh║ stop "ox_inventory"
║             TXADMIN║ txaReportResources 
[           resources] Stopping resource ox_inventory
[      script:monitor] [txAdmin] Sending resources list to txAdmin.
║             Zwonkoh║ stop "traffic_density"
║             TXADMIN║ txaReportResources 
[           resources] Stopping resource traffic_density
[      script:monitor] [txAdmin] Sending resources list to txAdmin.
[  script:es_extended] [INFO] Saved 1 player over 0.0 ms
[ citizen-server-impl] Server list query returned an error: System.Net.Sockets.SocketException: Host is unreachable <- System.Net.Http.HttpRequestException: Host is unreachable (93.235.131.37:30120)
[ citizen-server-impl] Server list query returned an error: System.Net.Sockets.SocketException: Host is unreachable <- System.Net.Http.HttpRequestException: Host is unreachable (93.235.131.37:30120)
[         script:chat] alexk: 7REVIV
[ citizen-server-impl] Server list query returned an error: System.Net.Sockets.SocketException: Host is unreachable <- System.Net.Http.HttpRequestException: Host is unreachable (93.235.131.37:30120)
[  script:es_extended] [INFO] Saved 1 player over 0.0 ms
[ citizen-server-impl] Server list query returned an error: System.Net.Sockets.SocketException: Host is unreachable <- System.Net.Http.HttpRequestException: Host is unreachable (93.235.131.37:30120)
[ citizen-server-impl] Server list query returned an error: System.Net.Sockets.SocketException: Host is unreachable <- System.Net.Http.HttpRequestException: Host is unreachable (93.235.131.37:30120)
[ citizen-server-impl] Server list query returned an error: System.Net.Sockets.SocketException: Host is unreachable <- System.Net.Http.HttpRequestException: Host is unreachable (93.235.131.37:30120)
[ citizen-server-impl] Server list query returned an error: System.Net.Sockets.SocketException: Host is unreachable <- System.Net.Http.HttpRequestException: Host is unreachable (93.235.131.37:30120)
[  script:es_extended] [INFO] Saved 1 player over 0.0 ms
[  script:es_extended] [INFO] Saved player "Zwonkoh Mevludovic"
[ citizen-server-impl] Server list query returned an error: System.Net.Sockets.SocketException: Host is unreachable <- System.Net.Http.HttpRequestException: Host is unreachable (93.235.131.37:30120)
[ citizen-server-impl] Server list query returned an error: System.Net.Sockets.SocketException: Host is unreachable <- System.Net.Http.HttpRequestException: Host is unreachable (93.235.131.37:30120)
[  script:es_extended] SCRIPT ERROR: @es_extended/server/bridge/inventory/oxinventory.lua:24: No such export setPlayerInventory in resource ox_inventory
[  script:es_extended] > rawExecute (@oxmysql/dist/build.js:26154)
[  script:es_extended] > processTicksAndRejections (node:internal/process/task_queues:96)
[ citizen-server-impl] Server list query returned an error: System.Net.Sockets.SocketException: Host is unreachable <- System.Net.Http.HttpRequestException: Host is unreachable (93.235.131.37:30120)
[  script:es_extended] [INFO] Saved player "Zwonkoh Mevludovic"
║             TXADMIN║ ================================================================
║             TXADMIN║ ======== [14040] FXServer Starting - 5.6.2025, 22:04:31         
║             TXADMIN║ ================================================================
[           resources] Scanning resources.
[           resources] Found 25 resources.
[          svadhesive] Authenticating server license key...
[          svadhesive] Server license key authentication succeeded. Welcome!
[    c-scripting-core] Creating script environments for monitor
[      script:monitor] [txAdmin] Resource v8.0.1 threads and commands set up. All Ready.
[           resources] Started resource monitor
[    c-scripting-core] Creating script environments for chat
[           resources] Started resource chat
[ citizen-server-impl] Couldn't find resource spawnmanager.
[ citizen-server-impl] Couldn't find resource hardcap.
[    c-scripting-core] Creating script environments for oxmysql
[           resources] Started resource oxmysql
[    c-scripting-core] Creating script environments for es_extended
[           resources] Started resource es_extended
[           resources] Started resource Menu
[           resources] Started resource NativeUI
[           resources] Started resource commands
[    c-scripting-core] Creating script environments for cron
[           resources] Started resource cron
[           resources] Started resource esx_chat_theme
[    c-scripting-core] Creating script environments for esx_context
[           resources] Started resource esx_context
[    c-scripting-core] Creating script environments for esx_identity
[           resources] Started resource esx_identity
[    c-scripting-core] Creating script environments for esx_loadingscreen
[           resources] Started resource esx_loadingscreen
[           resources] Started resource esx_menu_default
[           resources] Started resource esx_menu_dialog
[           resources] Started resource esx_menu_list
[           resources] Started resource skinchanger
[    c-scripting-core] Creating script environments for esx_skin
[           resources] Started resource esx_skin
[    c-scripting-core] Creating script environments for esx_multicharacter
[           resources] Started resource esx_multicharacter
[    c-scripting-core] Creating script environments for esx_notify
[           resources] Started resource esx_notify
[    c-scripting-core] Creating script environments for esx_progressbar
[           resources] Started resource esx_progressbar
[    c-scripting-core] Creating script environments for esx_textui
[           resources] Started resource esx_textui
[    c-scripting-core] Creating script environments for jobs_creator
[ script:jobs_creator] SCRIPT ERROR: ox_lib must be started before this resource.
[ script:jobs_creator] > fn (@ox_lib/init.lua:27)
[           resources] Started resource jobs_creator
[    c-scripting-core] Creating script environments for ox_lib
[           resources] Started resource ox_lib
[    c-scripting-core] Creating script environments for ox_inventory
[           resources] Started resource ox_inventory
[    c-scripting-core] Creating script environments for traffic_density
[script:traffic_densi] ReducedNPCs loaded! Made by man0s (https://github.com/man0s)
[           resources] Started resource traffic_density
[ citizen-server-impl] Couldn't find resource Commands.
[ citizen-server-main] Warning: The players.json endpoint has been modified to no longer return the player identifiers without authentication.
[ citizen-server-main] To learn more about this change read our announcement at https://aka.cfx.re/players-json-privacy
[      script:oxmysql] [11.7.2-MariaDB] Database server connection established!
[ script:jobs_creator] Setting up database (it may take few seconds)...
[ script:ox_inventory] [ox_inventory] [INFO] Database contains 33 items.
[  script:es_extended] [INFO] ESX Legacy 1.12.4 initialized!
[ citizen-server-impl]         fff                          
[ citizen-server-impl]   cccc ff   xx  xx     rr rr    eee  
[ citizen-server-impl] cc     ffff   xx       rrr  r ee   e 
[ citizen-server-impl] cc     ff     xx   ... rr     eeeee  
[ citizen-server-impl]  ccccc ff   xx  xx ... rr      eeeee 
[ citizen-server-impl]                                      
[ citizen-server-impl] Authenticated with cfx.re Nucleus: https://zwonkoh-3vvy9b.users.cfx.re/
[      script:oxmysql] [11.7.2-MariaDB] jobs_creator took 217.0104ms to execute a query!
[      script:oxmysql] ALTER TABLE jobs ADD COLUMN can_impound_vehicles INT(1) DEFAULT 0 []
[ script:jobs_creator] Database ready
[ script:jobs_creator] 
[ script:jobs_creator] Couldn't find file 'current_config.json' creating it now
[ script:jobs_creator] Automatically using ESX Skin
[ script:jobs_creator] Automatically using OX Inventory
[ script:jobs_creator] Automatically using jaksam for logs
[ script:jobs_creator] Automatically using jaksam for progressbar
[ script:jobs_creator] Automatically using jaksam for skillcheck
[ script:jobs_creator] Automatically using default for outfits
[ script:jobs_creator] Automatically using default for banking
[ script:jobs_creator] Automatically using default for search_player
[ script:jobs_creator] Automatically using none for textui
[ script:jobs_creator] Automatically using menu_default for menu
[ script:jobs_creator] Automatically using default for stash
[ script:jobs_creator] Added integration to es_extended/server/common.lua
[ script:jobs_creator] server/main.lua can't be found in esx_addonaccount
[ script:jobs_creator] Added integration to es_extended/server/modules/callback.lua
[ script:jobs_creator] Config loaded successfully
[ script:jobs_creator] Loaded 14 jobs
[ script:jobs_creator] Created fisherman in 'addon_inventory'
[ script:jobs_creator] Created tailor in 'addon_inventory'
[ script:jobs_creator] Created fisherman in 'addon_account'
[ script:jobs_creator] Created tailor in 'datastore'
[ script:jobs_creator] Created fisherman in 'datastore'
[ script:jobs_creator] Created tailor in 'addon_account'
[ script:jobs_creator] Created unemployed in 'addon_inventory'
[ script:jobs_creator] Created unemployed in 'addon_account'
[ script:jobs_creator] Created unemployed in 'datastore'
[ script:jobs_creator] Created fueler in 'addon_inventory'
[ script:jobs_creator] Created fueler in 'addon_account'
[ script:jobs_creator] Created fueler in 'datastore'
[ script:jobs_creator] Created banker in 'datastore'
[ script:jobs_creator] Created banker in 'addon_inventory'
[ script:jobs_creator] Created cardealer in 'datastore'
[ script:jobs_creator] Created miner in 'addon_account'
[ script:jobs_creator] Created miner in 'addon_inventory'
[ script:jobs_creator] Created miner in 'datastore'
[ script:jobs_creator] Created slaughterer in 'addon_account'
[ script:jobs_creator] Created slaughterer in 'addon_inventory'
[ script:jobs_creator] Created lumberjack in 'addon_account'
[ script:jobs_creator] Created reporter in 'addon_inventory'
[ script:jobs_creator] Created slaughterer in 'datastore'
[ script:jobs_creator] Created reporter in 'addon_account'
[ script:jobs_creator] Created reporter in 'datastore'
[ script:jobs_creator] Created lumberjack in 'datastore'
[ script:jobs_creator] Created lumberjack in 'addon_inventory'
[ script:jobs_creator] Created tailor in 'datastore_data'
[ script:jobs_creator] Created fisherman in 'datastore_data'
[ script:jobs_creator] Created unemployed in 'datastore_data'
[ script:jobs_creator] Created unemployed in 'addon_account_data'
[ script:jobs_creator] Created fisherman in 'addon_account_data'
[ script:jobs_creator] Created tailor in 'addon_account_data'
[ script:jobs_creator] Created fueler in 'datastore_data'
[ script:jobs_creator] Created fueler in 'addon_account_data'
[ script:jobs_creator] Created banker in 'datastore_data'
[ script:jobs_creator] Created miner in 'addon_account_data'
[ script:jobs_creator] Created cardealer in 'datastore_data'
[ script:jobs_creator] Created miner in 'datastore_data'
[ script:jobs_creator] Created slaughterer in 'addon_account_data'
[ script:jobs_creator] Created lumberjack in 'addon_account_data'
[ script:jobs_creator] Created slaughterer in 'datastore_data'
[ script:jobs_creator] Created reporter in 'addon_account_data'
[ script:jobs_creator] Created lumberjack in 'datastore_data'
[ script:jobs_creator] Created reporter in 'datastore_data'
[ script:ox_inventory] [ox_inventory] [INFO] Inventory has loaded 247 items
[ script:jobs_creator] Code integration automatically done, SERVER REQUIRES RESTART
[ script:jobs_creator] Code integration automatically done, SERVER REQUIRES RESTART
[ script:jobs_creator] Code integration automatically done, SERVER REQUIRES RESTART
[ script:jobs_creator] Code integration automatically done, SERVER REQUIRES RESTART
[ script:jobs_creator] Code integration automatically done, SERVER REQUIRES RESTART
[ script:jobs_creator] Code integration automatically done, SERVER REQUIRES RESTART
[ script:jobs_creator] Code integration automatically done, SERVER REQUIRES RESTART
[ script:jobs_creator] Code integration automatically done, SERVER REQUIRES RESTART
[ script:jobs_creator] Code integration automatically done, SERVER REQUIRES RESTART
[ script:jobs_creator] Code integration automatically done, SERVER REQUIRES RESTART
║             TXADMIN║ txaReportResources 
[      script:monitor] [txAdmin] Sending resources list to txAdmin.
[ citizen-server-impl] Server list query returned an error: System.Net.Sockets.SocketException: Host is unreachable <- System.Net.Http.HttpRequestException: Host is unreachable (93.235.131.37:30120)
[  script:es_extended] [INFO] Player "Zwonkoh Mevludovic" has connected to the server. ID: 1
[  script:es_extended] [INFO] Saved player "Zwonkoh Mevludovic"
[ citizen-server-impl] Server list query returned an error: System.Net.Sockets.SocketException: Host is unreachable <- System.Net.Http.HttpRequestException: Host is unreachable (93.235.131.37:30120)
║             TXADMIN║ txaEvent "serverShuttingDown" "{\"delay\":5000,\"author\":\"Zwonkoh\",\"message\":\"Server restarting (admin request).\"}"
[      script:monitor] [txAdmin] Server shutting down. Kicking all players.

║             TXADMIN║ ================================================================
║             TXADMIN║ ======== [10648] FXServer Starting - 5.6.2025, 22:07:12         
║             TXADMIN║ ================================================================
[           resources] Scanning resources.
[           resources] Found 25 resources.
[          svadhesive] Authenticating server license key...
[          svadhesive] Server license key authentication succeeded. Welcome!
[    c-scripting-core] Creating script environments for monitor
[      script:monitor] [txAdmin] Resource v8.0.1 threads and commands set up. All Ready.
[           resources] Started resource monitor
[    c-scripting-core] Creating script environments for chat
[           resources] Started resource chat
[ citizen-server-impl] Couldn't find resource spawnmanager.
[ citizen-server-impl] Couldn't find resource hardcap.
[    c-scripting-core] Creating script environments for oxmysql
[           resources] Started resource oxmysql
[    c-scripting-core] Creating script environments for es_extended
[           resources] Started resource es_extended
[           resources] Started resource Menu
[           resources] Started resource NativeUI
[           resources] Started resource commands
[    c-scripting-core] Creating script environments for cron
[           resources] Started resource cron
[           resources] Started resource esx_chat_theme
[    c-scripting-core] Creating script environments for esx_context
[           resources] Started resource esx_context
[    c-scripting-core] Creating script environments for esx_identity
[           resources] Started resource esx_identity
[    c-scripting-core] Creating script environments for esx_loadingscreen
[           resources] Started resource esx_loadingscreen
[           resources] Started resource esx_menu_default
[           resources] Started resource esx_menu_dialog
[           resources] Started resource esx_menu_list
[           resources] Started resource skinchanger
[    c-scripting-core] Creating script environments for esx_skin
[           resources] Started resource esx_skin
[    c-scripting-core] Creating script environments for esx_multicharacter
[           resources] Started resource esx_multicharacter
[    c-scripting-core] Creating script environments for esx_notify
[           resources] Started resource esx_notify
[    c-scripting-core] Creating script environments for esx_progressbar
[           resources] Started resource esx_progressbar
[    c-scripting-core] Creating script environments for esx_textui
[           resources] Started resource esx_textui
[    c-scripting-core] Creating script environments for jobs_creator
[ script:jobs_creator] SCRIPT ERROR: ox_lib must be started before this resource.
[ script:jobs_creator] > fn (@ox_lib/init.lua:27)
[           resources] Started resource jobs_creator
[    c-scripting-core] Creating script environments for ox_lib
[           resources] Started resource ox_lib
[    c-scripting-core] Creating script environments for ox_inventory
[           resources] Started resource ox_inventory
[    c-scripting-core] Creating script environments for traffic_density
[script:traffic_densi] ReducedNPCs loaded! Made by man0s (https://github.com/man0s)
[           resources] Started resource traffic_density
[ citizen-server-impl] Couldn't find resource Commands.
[ citizen-server-main] Warning: The players.json endpoint has been modified to no longer return the player identifiers without authentication.
[ citizen-server-main] To learn more about this change read our announcement at https://aka.cfx.re/players-json-privacy
[      script:oxmysql] [11.7.2-MariaDB] Database server connection established!
[ script:jobs_creator] Setting up database (it may take few seconds)...
[ script:ox_inventory] [ox_inventory] [INFO] Database contains 33 items.
[  script:es_extended] [INFO] ESX Legacy 1.12.4 initialized!
[ script:jobs_creator] Database ready
[ script:jobs_creator] 
[ script:jobs_creator] Automatically using OX Inventory
[ script:jobs_creator] Automatically using ESX Skin
[ script:jobs_creator] Automatically using menu_default for menu
[ script:jobs_creator] Automatically using default for search_player
[ script:jobs_creator] Automatically using none for textui
[ script:jobs_creator] Automatically using jaksam for logs
[ script:jobs_creator] Automatically using default for outfits
[ script:jobs_creator] Automatically using jaksam for skillcheck
[ script:jobs_creator] Automatically using default for stash
[ script:jobs_creator] Automatically using jaksam for progressbar
[ script:jobs_creator] Automatically using default for banking
[ script:jobs_creator] server/main.lua can't be found in esx_addonaccount
[ script:jobs_creator] Config loaded successfully
[ script:jobs_creator] Loaded 14 jobs
[ script:ox_inventory] [ox_inventory] [INFO] Inventory has loaded 247 items
[ citizen-server-impl]         fff                          
[ citizen-server-impl]   cccc ff   xx  xx     rr rr    eee  
[ citizen-server-impl] cc     ffff   xx       rrr  r ee   e 
[ citizen-server-impl] cc     ff     xx   ... rr     eeeee  
[ citizen-server-impl]  ccccc ff   xx  xx ... rr      eeeee 
[ citizen-server-impl]                                      
[ citizen-server-impl] Authenticated with cfx.re Nucleus: https://zwonkoh-3vvy9b.users.cfx.re/
[ citizen-server-impl] Server list query returned an error: System.Net.Sockets.SocketException: Host is unreachable <- System.Net.Http.HttpRequestException: Host is unreachable (93.235.131.37:30120)
[  script:es_extended] [INFO] Player "Zwonkoh Mevludovic" has connected to the server. ID: 1
[  script:es_extended] [INFO] Saved player "Zwonkoh Mevludovic"
