================================================================
======== txAdmin v8.0.1 atop fxserver 15488 Starting - 10.6.2025, 14:44:56
================================================================
================================================================
======== Log Rotated - 10.6.2025, 14:44:56                      
================================================================
[14:44:59] txAdmin: Logger started
[14:45:12] [B9qNb#1] alexk: joined with identifiers [license:5d98…d23d, discord:2694…2226, fivem:2407443, license2:1688…f0d0]
[15:01:40] [B9qNb#1] alexk: disconnected (Exiting)
[15:03:15] [B9qNb#2] alexk: joined with identifiers [license:5d98…d23d, discord:2694…2226, fivem:2407443, license2:1688…f0d0]
[15:05:36] [B9qNb#2] alexk: enabled noclip
[15:05:48] [B9qNb#2] alexk: became mortal (standard mode)
[15:31:56] [B9qNb#2] alexk: said "/wrefresh"
[15:32:02] [B9qNb#2] alexk: disconnected (Couldn't load resource Hud: Couldn't load resource Hud from resources:/Hud/: Could not open resource)
================================================================
======== txAdmin v8.0.1 atop fxserver 15488 Starting - 10.6.2025, 15:33:10
================================================================
[15:33:12] txAdmin: Logger started
[15:33:15] [X9Mfa#1] alexk: joined with identifiers [license:5d98…d23d, discord:2694…2226, fivem:2407443, license2:1688…f0d0]
[15:49:05] [X9Mfa#1] alexk: disconnected (Server->client connection timed out. Last seen 129 msec ago.)
[15:49:39] [X9Mfa#2] alexk: joined with identifiers [license:5d98…d23d, discord:2694…2226, fivem:2407443, license2:1688…f0d0]
[15:53:13] [X9Mfa#2] alexk: enabled noclip
[15:53:35] [X9Mfa#2] alexk: became mortal (standard mode)
[16:01:47] [X9Mfa#2] alexk: said "/refrehs"
[16:06:54] [X9Mfa#2] alexk: disconnected (Game crashed: CEvent Pool Full, Size == 1000)
[16:07:34] [X9Mfa#3] alexk: joined with identifiers [license:5d98…d23d, discord:2694…2226, fivem:2407443, license2:1688…f0d0]
[16:23:08] [X9Mfa#3] alexk: disconnected (Exiting)
================================================================
======== txAdmin v8.0.1 atop fxserver 15488 Starting - 10.6.2025, 19:13:45
================================================================
[19:13:48] txAdmin: Logger started
[19:14:35] [yt9Hg#1] Zwonkoh: joined with identifiers [license:5d98…d23d, discord:2694…2226, fivem:2407443, license2:1688…f0d0]
[19:27:58] [yt9Hg#1] Zwonkoh: turned show player IDs on
[20:10:35] [yt9Hg#1] Zwonkoh: enabled noclip
[20:10:42] [yt9Hg#1] Zwonkoh: became mortal (standard mode)
[20:16:13] [yt9Hg#1] Zwonkoh: said "/spa"
[20:28:57] [yt9Hg#1] Zwonkoh: disconnected (Exiting)
[20:29:11] txAdmin: Logger started
[20:29:54] [hFyWR#1] Zwonkoh: joined with identifiers [license:5d98…d23d, discord:2694…2226, fivem:2407443, license2:1688…f0d0]
[20:35:15] [hFyWR#1] Zwonkoh: disconnected (Exiting)
[20:39:44] txAdmin: Logger started
[20:39:59] [fnncf#1] Zwonkoh: joined with identifiers [license:5d98…d23d, discord:2694…2226, fivem:2407443, license2:1688…f0d0]
[21:35:36] [fnncf#1] Zwonkoh: disconnected (Exiting)
[21:35:49] txAdmin: Logger started
================================================================
======== txAdmin v8.0.1 atop fxserver 15488 Starting - 10.6.2025, 21:37:35
================================================================
[21:37:38] txAdmin: Logger started
[21:39:07] txAdmin: Logger started
[21:40:44] txAdmin: Logger started
================================================================
======== txAdmin v8.0.1 atop fxserver 15488 Starting - 10.6.2025, 21:43:02
================================================================
[21:43:05] txAdmin: Logger started
[21:44:35] [4y8af#1] alexk: joined with identifiers [license:5d98…d23d, discord:2694…2226, fivem:2407443, license2:1688…f0d0]
[22:04:19] [4y8af#1] alexk: disconnected (Exiting)
[22:04:39] txAdmin: Logger started
[22:06:34] [QbiwU#1] alexk: joined with identifiers [license:5d98…d23d, discord:2694…2226, fivem:2407443, license2:1688…f0d0]
[22:38:47] [QbiwU#1] alexk: enabled noclip
[22:44:08] [QbiwU#1] alexk: said "/wensure phone"
[22:44:35] [QbiwU#1] alexk: became mortal (standard mode)
[22:49:13] [QbiwU#1] alexk: disconnected (Exiting)
[22:49:26] txAdmin: Logger started
[22:50:12] [wTdtN#1] alexk: joined with identifiers [license:5d98…d23d, discord:2694…2226, fivem:2407443, license2:1688…f0d0]
[22:54:50] [wTdtN#1] alexk: disconnected (Exiting)
