================================================================
======== txAdmin v8.0.1 atop fxserver 15488 Starting - 6.6.2025, 16:01:45
================================================================
================================================================
======== Log Rotated - 6.6.2025, 16:01:45                       
================================================================
[16:01:48] txAdmin: Logger started
[16:10:46] [JV4aV#1] alexk: joined with identifiers [license:5d98…d23d, discord:2694…2226, fivem:2407443, license2:1688…f0d0]
[16:57:26] [JV4aV#1] alexk: disconnected (Exiting)
[16:58:08] [JV4aV#2] alexk: joined with identifiers [license:5d98…d23d, discord:2694…2226, fivem:2407443, license2:1688…f0d0]
[17:20:41] [JV4aV#2] alexk: caused an explosion (CAR)
[17:20:41] [JV4aV#2] alexk: died from suicide (Explosion)
[17:20:45] [JV4aV#2] alexk: said "tx"
[17:20:50] [JV4aV#2] alexk: healed themself
[17:20:54] [JV4aV#2] alexk: enabled noclip
[17:20:56] [JV4aV#2] alexk: became mortal (standard mode)
[17:20:57] [JV4aV#2] alexk: enabled noclip
[17:21:00] [JV4aV#2] alexk: became mortal (standard mode)
[17:21:01] [JV4aV#2] alexk: enabled noclip
[17:21:03] [JV4aV#2] alexk: became mortal (standard mode)
[17:21:05] [JV4aV#2] alexk: enabled noclip
[17:21:08] [JV4aV#2] alexk: became mortal (standard mode)
[18:35:15] [JV4aV#2] alexk: enabled noclip
[18:35:47] [JV4aV#2] alexk: became mortal (standard mode)
[18:48:12] [JV4aV#2] alexk: cleared an area with 300m radius
[18:59:44] [JV4aV#2] alexk: cleared an area with 100m radius
[19:07:06] [JV4aV#2] alexk: disconnected (Exiting)
================================================================
======== txAdmin v8.0.1 atop fxserver 15488 Starting - 6.6.2025, 23:29:43
================================================================
[23:29:46] txAdmin: Logger started
[23:52:31] [Fn4fm#1] alexk: joined with identifiers [license:5d98…d23d, discord:2694…2226, fivem:2407443, license2:1688…f0d0]
