================================================================
======== txAdmin v8.0.1 atop fxserver 15488 Starting - 4.6.2025, 17:47:07
================================================================
[18:18:41] txAdmin: Logger started
[18:28:32] txAdmin: Logger started
[18:30:44] txAdmin: Logger started
[18:32:09] txAdmin: Logger started
[18:33:48] txAdmin: Logger started
[18:35:15] txAdmin: Logger started
[18:36:47] txAdmin: Logger started
[18:40:05] [ckwtG#1] alexk: joined with identifiers [license:5d98…d23d, discord:2694…2226, fivem:2407443, license2:1688…f0d0]
[18:48:57] [ckwtG#1] alexk: disconnected (Exiting)
[18:49:09] [ckwtG#2] alexk: joined with identifiers [license:5d98…d23d, discord:2694…2226, fivem:2407443, license2:1688…f0d0]
[18:50:15] [ckwtG#2] alexk: enabled noclip
[18:50:33] [ckwtG#2] alexk: became mortal (standard mode)
[18:50:35] [ckwtG#2] alexk: healed themself
[18:50:40] [ckwtG#2] alexk: made a server-wide announcement: test
[18:50:40] txAdmin: ((Broadcast) Zwonkoh): said "test"
[18:50:48] [ckwtG#2] alexk: turned show player IDs on
[18:51:03] [ckwtG#2] alexk: enabled god mode
[18:52:58] [ckwtG#2] alexk: disconnected (Exiting)
[18:53:11] [ckwtG#3] alexk: joined with identifiers [license:5d98…d23d, discord:2694…2226, fivem:2407443, license2:1688…f0d0]
[21:23:12] [ckwtG#3] alexk: said "/giveitem -1 weapon_pistol 1 "
[21:26:46] [ckwtG#3] alexk: said "/giveitem weapon WEAPON_PISTOL 1 c"
[21:26:49] [ckwtG#3] alexk: said "/giveitem weapon WEAPON_PISTOL 1 "
[21:26:57] [ckwtG#3] alexk: said "/giveitem weapon WEAPON_PISTOL 1 weapon"
[21:28:59] [ckwtG#3] alexk: said "/giveitem me WEAPON_APPISTOL 1"
[21:29:12] [ckwtG#3] alexk: said "/giveitem me WEAPON_APPISTOL 1"
[21:45:14] [ckwtG#3] alexk: enabled noclip
[21:45:21] [ckwtG#3] alexk: became mortal (standard mode)
================================================================
======== txAdmin v8.0.1 atop fxserver 15488 Starting - 4.6.2025, 21:51:40
================================================================
[21:51:42] txAdmin: Logger started
[21:56:00] txAdmin: Logger started
[21:57:09] [rgnyF#1] alexk: joined with identifiers [license:5d98…d23d, discord:2694…2226, fivem:2407443, license2:1688…f0d0]
[22:02:00] txAdmin: Logger started
[22:03:56] [XAibN#1] alexk: joined with identifiers [license:5d98…d23d, discord:2694…2226, fivem:2407443, license2:1688…f0d0]
[22:13:22] [XAibN#1] alexk: disconnected (Exiting)
[22:13:34] txAdmin: Logger started
[22:15:33] [NnjD6#1] alexk: joined with identifiers [license:5d98…d23d, discord:2694…2226, fivem:2407443, license2:1688…f0d0]
[22:18:38] [NnjD6#1] alexk: enabled noclip
[22:18:56] [NnjD6#1] alexk: became mortal (standard mode)
[22:19:31] [NnjD6#1] alexk: enabled noclip
[22:55:05] [NnjD6#1] alexk: became mortal (standard mode)
[23:06:46] [NnjD6#1] alexk: disconnected (Couldn't load resource NativeUI: Couldn't load resource NativeUI from resources:/NativeUI/: Could no)
[23:11:40] txAdmin: Logger started
[23:15:16] [cYEpx#1] alexk: joined with identifiers [license:5d98…d23d, discord:2694…2226, fivem:2407443, license2:1688…f0d0]
[23:59:47] [cYEpx#1] alexk: enabled noclip
[23:59:53] [cYEpx#1] alexk: became mortal (standard mode)
