================================================================
======== Log Rotated - 5.6.2025, 00:00:00                       
================================================================
[00:07:10] [cYEpx#1] alexk: disconnected (Server->client connection timed out. Last seen 63 msec ago.)
================================================================
======== txAdmin v8.0.1 atop fxserver 15488 Starting - 5.6.2025, 00:14:31
================================================================
[00:14:33] txAdmin: Logger started
[00:15:05] [DMgzy#1] alexk: joined with identifiers [license:5d98…d23d, discord:2694…2226, fivem:2407443, license2:1688…f0d0]
[00:23:38] [DMgzy#1] alexk: disconnected (Exiting)
================================================================
======== txAdmin v8.0.1 atop fxserver 15488 Starting - 5.6.2025, 18:08:16
================================================================
[18:08:18] txAdmin: Logger started
[18:10:36] [bNwBq#1] alexk: joined with identifiers [license:5d98…d23d, discord:2694…2226, fivem:2407443, license2:1688…f0d0]
[18:42:03] [bNwBq#1] alexk: said "/spawnve"
[18:54:34] [bNwBq#1] alexk: caused an explosion (CAR)
[18:55:28] [bNwBq#1] alexk: died from suicide
[18:55:31] [bNwBq#1] alexk: caused an explosion (PLANE)
[18:55:39] [bNwBq#1] alexk: said "7REVIV"
[18:56:05] [bNwBq#1] alexk: healed themself
[18:56:08] [bNwBq#1] alexk: enabled noclip
[18:56:16] [bNwBq#1] alexk: became mortal (standard mode)
[18:56:17] [bNwBq#1] alexk: enabled god mode
[18:56:26] [bNwBq#1] alexk: spawned a vehicle (model: adder)
[19:03:38] [bNwBq#1] alexk: became mortal (standard mode)
[19:03:41] [bNwBq#1] alexk: enabled god mode
[19:03:42] [bNwBq#1] alexk: enabled noclip
[19:03:48] [bNwBq#1] alexk: became mortal (standard mode)
[19:09:50] [bNwBq#1] alexk: disconnected (Exiting)
[19:10:38] [bNwBq#2] alexk: joined with identifiers [license:5d98…d23d, discord:2694…2226, fivem:2407443, license2:1688…f0d0]
[19:14:55] [bNwBq#2] alexk: said "/quiz"
[19:14:57] [bNwBq#2] alexk: disconnected (Exiting)
================================================================
======== txAdmin v8.0.1 atop fxserver 15488 Starting - 5.6.2025, 22:04:31
================================================================
[22:04:33] txAdmin: Logger started
[22:05:52] [wpdwc#1] alexk: joined with identifiers [license:5d98…d23d, discord:2694…2226, fivem:2407443, license2:1688…f0d0]
[22:06:38] [wpdwc#1] alexk: disconnected (Exiting)
[22:07:15] txAdmin: Logger started
[22:07:43] [eWJqN#1] alexk: joined with identifiers [license:5d98…d23d, discord:2694…2226, fivem:2407443, license2:1688…f0d0]
[22:08:59] [eWJqN#1] alexk: disconnected (Exiting)
