================================================================
======== txAdmin v8.0.1 atop fxserver 15488 Starting - 11.6.2025, 17:10:21
================================================================
================================================================
======== Log Rotated - 11.6.2025, 17:10:21                      
================================================================
[17:10:23] txAdmin: Logger started
[17:11:12] [dnwWd#1] alexk: joined with identifiers [license:5d98…d23d, discord:2694…2226, fivem:2407443, license2:1688…f0d0]
================================================================
======== txAdmin v8.0.1 atop fxserver 15488 Starting - 11.6.2025, 17:22:44
================================================================
[17:22:53] txAdmin: Logger started
[17:24:34] [awmNj#1] alexk: joined with identifiers [license:5d98…d23d, discord:2694…2226, fivem:2407443, license2:1688…f0d0]
[17:26:02] [awmNj#1] alexk: disconnected (Exiting)
[17:26:22] [awmNj#2] alexk: joined with identifiers [license:5d98…d23d, discord:2694…2226, fivem:2407443, license2:1688…f0d0]
[17:53:28] [awmNj#2] alexk: enabled noclip
[17:56:39] [awmNj#2] alexk: disconnected (Game crashed: GTA5_b3258.exe!sub_14093416C (0x33))
[17:57:03] [awmNj#3] alexk: joined with identifiers [license:5d98…d23d, discord:2694…2226, fivem:2407443, license2:1688…f0d0]
[17:59:04] [awmNj#3] alexk: disconnected (Exiting)
[17:59:20] [awmNj#4] alexk: joined with identifiers [license:5d98…d23d, discord:2694…2226, fivem:2407443, license2:1688…f0d0]
[18:01:24] [awmNj#4] alexk: disconnected (Exiting)
================================================================
======== txAdmin v8.0.1 atop fxserver 15488 Starting - 11.6.2025, 18:02:11
================================================================
[18:02:16] txAdmin: Logger started
[18:03:45] [9HiVg#1] alexk: joined with identifiers [license:5d98…d23d, discord:2694…2226, fivem:2407443, license2:1688…f0d0]
[20:36:57] [9HiVg#1] alexk: disconnected (Game crashed: GTA5_b3258.exe!sub_14133163C (0x37))
[20:37:22] [9HiVg#2] alexk: joined with identifiers [license:5d98…d23d, discord:2694…2226, fivem:2407443, license2:1688…f0d0]
[20:39:15] [9HiVg#2] alexk: disconnected (Exiting)
[20:39:36] txAdmin: Logger started
[20:41:49] [wE6bb#1] alexk: joined with identifiers [license:5d98…d23d, discord:2694…2226, fivem:2407443, license2:1688…f0d0]
[21:16:26] [wE6bb#1] alexk: said "/refrehs"
