================================================================
======== Log Rotated - 7.6.2025, 00:00:00                       
================================================================
[00:01:45] txAdmin: Logger started
[00:04:45] [NjKVm#1] alexk: joined with identifiers [license:5d98…d23d, discord:2694…2226, fivem:2407443, license2:1688…f0d0]
[00:48:05] [NjKVm#1] alexk: disconnected (Disconnected.)
[00:48:31] [NjKVm#2] alexk: joined with identifiers [license:5d98…d23d, discord:2694…2226, fivem:2407443, license2:1688…f0d0]
[01:37:10] [NjKVm#2] alexk: cleared an area with 10m radius
[01:37:13] [NjKVm#2] alexk: cleared an area with 100m radius
[01:40:02] [NjKVm#2] alexk: disconnected (Exiting)
[01:40:17] [NjKVm#3] alexk: joined with identifiers [license:5d98…d23d, discord:2694…2226, fivem:2407443, license2:1688…f0d0]
[01:55:08] [NjKVm#3] alexk: disconnected (Exiting)
[01:55:27] txAdmin: Logger started
[01:55:34] [NGzFM#1] alexk: joined with identifiers [license:5d98…d23d, discord:2694…2226, fivem:2407443, license2:1688…f0d0]
[02:14:05] [NGzFM#1] alexk: disconnected (Server->client connection timed out. Last seen 49960 msec ago.)
================================================================
======== txAdmin v8.0.1 atop fxserver 15488 Starting - 7.6.2025, 02:17:52
================================================================
[02:17:55] txAdmin: Logger started
[02:17:57] [Fd6fd#1] alexk: joined with identifiers [license:5d98…d23d, discord:2694…2226, fivem:2407443, license2:1688…f0d0]
[02:28:36] [Fd6fd#1] alexk: enabled noclip
[02:28:42] [Fd6fd#1] alexk: became mortal (standard mode)
[02:33:04] [Fd6fd#1] alexk: disconnected (Server->client connection timed out. Last seen 41547 msec ago.)
[02:36:45] [Fd6fd#2] alexk: joined with identifiers [license:5d98…d23d, discord:2694…2226, fivem:2407443, license2:1688…f0d0]
[03:06:01] [Fd6fd#2] alexk: said "/qui"
[03:06:02] [Fd6fd#2] alexk: disconnected (Exiting)
================================================================
======== txAdmin v8.0.1 atop fxserver 15488 Starting - 7.6.2025, 11:54:30
================================================================
[11:54:32] txAdmin: Logger started
[11:54:56] [FTib7#1] alexk: joined with identifiers [license:5d98…d23d, discord:2694…2226, fivem:2407443, license2:1688…f0d0]
[12:21:12] [FTib7#1] alexk: enabled noclip
[12:23:00] [FTib7#1] alexk: became mortal (standard mode)
[12:49:36] [FTib7#1] alexk: said "hi"
[13:29:09] [FTib7#1] alexk: disconnected (Exiting)
================================================================
======== txAdmin v8.0.1 atop fxserver 15488 Starting - 7.6.2025, 14:51:06
================================================================
[14:51:08] txAdmin: Logger started
[14:53:34] [9RETa#1] alexk: joined with identifiers [license:5d98…d23d, discord:2694…2226, fivem:2407443, license2:1688…f0d0]
[15:01:44] [9RETa#1] alexk: turned show player IDs on
[15:38:07] [9RETa#1] alexk: enabled noclip
[15:40:08] [9RETa#1] alexk: said "/showfps"
[15:40:12] [9RETa#1] alexk: said "//showfps"
[15:41:34] [9RETa#1] alexk: became mortal (standard mode)
[16:06:13] [9RETa#1] alexk: disconnected (Exiting)
